[07-Apr-2026 10:12:51 Asia/Manila] Database connection successful at 2026-04-07 10:12:51
[07-Apr-2026 10:12:58 Asia/Manila] Database connection successful at 2026-04-07 10:12:58
[07-Apr-2026 10:13:04 Asia/Manila] Database connection successful at 2026-04-07 10:13:04
[07-Apr-2026 10:13:11 Asia/Manila] Database connection successful at 2026-04-07 10:13:11
[07-Apr-2026 10:13:17 Asia/Manila] Database connection successful at 2026-04-07 10:13:17
[07-Apr-2026 10:13:17 Asia/Manila] Database connection successful at 2026-04-07 10:13:17
[07-Apr-2026 10:13:17 Asia/Manila] Database connection successful at 2026-04-07 10:13:17
[07-Apr-2026 10:13:17 Asia/Manila] Database connection successful at 2026-04-07 10:13:17
[07-Apr-2026 10:13:17 Asia/Manila] Database connection successful at 2026-04-07 10:13:17
[07-Apr-2026 10:13:17 Asia/Manila] === GET PARENT PROFILE (NORMALIZED) === User ID: 2
[07-Apr-2026 10:13:17 Asia/Manila] ✅ Retrieved profile with 1 children, 1 elderly, and 2 documents
[07-Apr-2026 10:13:19 Asia/Manila] Database connection successful at 2026-04-07 10:13:19
[07-Apr-2026 10:13:19 Asia/Manila] === GET PARENT PROFILE (NORMALIZED) === User ID: 2
[07-Apr-2026 10:13:19 Asia/Manila] ✅ Retrieved profile with 1 children, 1 elderly, and 2 documents
[07-Apr-2026 10:13:24 Asia/Manila] Database connection successful at 2026-04-07 10:13:24
[07-Apr-2026 10:13:33 Asia/Manila] Database connection successful at 2026-04-07 10:13:33
[07-Apr-2026 10:20:14 Asia/Manila] Database connection successful at 2026-04-07 10:20:14
[07-Apr-2026 10:20:17 Asia/Manila] Database connection successful at 2026-04-07 10:20:17
[07-Apr-2026 10:20:29 Asia/Manila] Database connection successful at 2026-04-07 10:20:29
[07-Apr-2026 10:20:29 Asia/Manila] Database connection successful at 2026-04-07 10:20:29
[07-Apr-2026 10:20:29 Asia/Manila] Database connection successful at 2026-04-07 10:20:29
[07-Apr-2026 10:20:30 Asia/Manila] Database connection successful at 2026-04-07 10:20:30
[07-Apr-2026 10:20:30 Asia/Manila] Database connection successful at 2026-04-07 10:20:30
[07-Apr-2026 10:20:30 Asia/Manila] === GET PARENT PROFILE (NORMALIZED) === User ID: 2
[07-Apr-2026 10:20:30 Asia/Manila] ✅ Retrieved profile with 1 children, 1 elderly, and 2 documents
[07-Apr-2026 10:20:30 Asia/Manila] Database connection successful at 2026-04-07 10:20:30
[07-Apr-2026 10:20:30 Asia/Manila] Database connection successful at 2026-04-07 10:20:30
[07-Apr-2026 10:20:30 Asia/Manila] Database connection successful at 2026-04-07 10:20:30
[07-Apr-2026 10:20:30 Asia/Manila] Database connection successful at 2026-04-07 10:20:30
[07-Apr-2026 10:20:30 Asia/Manila] === GET PARENT PROFILE (NORMALIZED) === User ID: 2
[07-Apr-2026 10:20:30 Asia/Manila] Database connection successful at 2026-04-07 10:20:30
[07-Apr-2026 10:20:30 Asia/Manila] ✅ Retrieved profile with 1 children, 1 elderly, and 2 documents
[07-Apr-2026 10:20:33 Asia/Manila] Database connection successful at 2026-04-07 10:20:33
[07-Apr-2026 10:20:33 Asia/Manila] === GET PARENT PROFILE (NORMALIZED) === User ID: 2
[07-Apr-2026 10:20:33 Asia/Manila] ✅ Retrieved profile with 1 children, 1 elderly, and 2 documents
[07-Apr-2026 10:20:42 Asia/Manila] Database connection successful at 2026-04-07 10:20:42
[07-Apr-2026 10:20:48 Asia/Manila] Database connection successful at 2026-04-07 10:20:48
[07-Apr-2026 10:23:17 Asia/Manila] Database connection successful at 2026-04-07 10:23:17
[07-Apr-2026 10:23:19 Asia/Manila] Database connection successful at 2026-04-07 10:23:19
[07-Apr-2026 10:23:19 Asia/Manila] Database connection successful at 2026-04-07 10:23:19
[07-Apr-2026 10:23:19 Asia/Manila] Database connection successful at 2026-04-07 10:23:19
[07-Apr-2026 10:23:19 Asia/Manila] Database connection successful at 2026-04-07 10:23:19
[07-Apr-2026 10:23:19 Asia/Manila] Database connection successful at 2026-04-07 10:23:19
[07-Apr-2026 10:23:19 Asia/Manila] Database connection successful at 2026-04-07 10:23:19
[07-Apr-2026 10:23:19 Asia/Manila] === GET PARENT PROFILE (NORMALIZED) === User ID: 2
[07-Apr-2026 10:23:19 Asia/Manila] ✅ Retrieved profile with 1 children, 1 elderly, and 2 documents
[07-Apr-2026 10:23:23 Asia/Manila] Database connection successful at 2026-04-07 10:23:23
[07-Apr-2026 10:23:23 Asia/Manila] === GET PARENT PROFILE (NORMALIZED) === User ID: 2
[07-Apr-2026 10:23:23 Asia/Manila] ✅ Retrieved profile with 1 children, 1 elderly, and 2 documents
[07-Apr-2026 10:24:15 Asia/Manila] Database connection successful at 2026-04-07 10:24:15
[07-Apr-2026 10:24:15 Asia/Manila] === GET PARENT PROFILE (NORMALIZED) === User ID: 2
[07-Apr-2026 10:24:15 Asia/Manila] ✅ Retrieved profile with 1 children, 1 elderly, and 2 documents
[07-Apr-2026 10:45:47 Asia/Manila] Database connection successful at 2026-04-07 10:45:47
[07-Apr-2026 10:45:47 Asia/Manila] Database connection successful at 2026-04-07 10:45:47
[07-Apr-2026 10:45:47 Asia/Manila] Database connection successful at 2026-04-07 10:45:47
[07-Apr-2026 10:45:47 Asia/Manila] === GET PARENT PROFILE (NORMALIZED) === User ID: 2
[07-Apr-2026 10:45:47 Asia/Manila] Database connection successful at 2026-04-07 10:45:47
[07-Apr-2026 10:45:47 Asia/Manila] Database connection successful at 2026-04-07 10:45:47
[07-Apr-2026 10:45:47 Asia/Manila] ✅ Retrieved profile with 1 children, 1 elderly, and 2 documents
[07-Apr-2026 10:46:19 Asia/Manila] Database connection successful at 2026-04-07 10:46:19
[07-Apr-2026 10:46:19 Asia/Manila] === GET PARENT PROFILE (NORMALIZED) === User ID: 2
[07-Apr-2026 10:46:19 Asia/Manila] ✅ Retrieved profile with 1 children, 1 elderly, and 2 documents
[07-Apr-2026 10:51:29 Asia/Manila] Database connection successful at 2026-04-07 10:51:29
[07-Apr-2026 10:51:31 Asia/Manila] Database connection successful at 2026-04-07 10:51:31
[07-Apr-2026 10:51:31 Asia/Manila] Database connection successful at 2026-04-07 10:51:31
[07-Apr-2026 10:51:31 Asia/Manila] Database connection successful at 2026-04-07 10:51:31
[07-Apr-2026 10:51:31 Asia/Manila] Database connection successful at 2026-04-07 10:51:31
[07-Apr-2026 10:51:31 Asia/Manila] Database connection successful at 2026-04-07 10:51:31
[07-Apr-2026 10:51:31 Asia/Manila] Database connection successful at 2026-04-07 10:51:31
[07-Apr-2026 10:51:31 Asia/Manila] === GET PARENT PROFILE (NORMALIZED) === User ID: 2
[07-Apr-2026 10:51:31 Asia/Manila] ✅ Retrieved profile with 1 children, 1 elderly, and 2 documents
[07-Apr-2026 10:51:51 Asia/Manila] Database connection successful at 2026-04-07 10:51:51
[07-Apr-2026 10:51:53 Asia/Manila] Database connection successful at 2026-04-07 10:51:53
[07-Apr-2026 10:51:53 Asia/Manila] Database connection successful at 2026-04-07 10:51:53
[07-Apr-2026 10:51:53 Asia/Manila] Database connection successful at 2026-04-07 10:51:53
[07-Apr-2026 10:51:54 Asia/Manila] Database connection successful at 2026-04-07 10:51:54
[07-Apr-2026 10:51:54 Asia/Manila] Database connection successful at 2026-04-07 10:51:54
[07-Apr-2026 10:51:54 Asia/Manila] Database connection successful at 2026-04-07 10:51:54
[07-Apr-2026 10:51:54 Asia/Manila] Database connection successful at 2026-04-07 10:51:54
[07-Apr-2026 10:51:54 Asia/Manila] Database connection successful at 2026-04-07 10:51:54
[07-Apr-2026 10:51:54 Asia/Manila] PHP Warning:  Undefined array key "category_ids" in C:\laragon\www\carelink_api\helper\browse_jobs.php on line 101
[07-Apr-2026 10:51:54 Asia/Manila] PHP Deprecated:  json_decode(): Passing null to parameter #1 ($json) of type string is deprecated in C:\laragon\www\carelink_api\helper\browse_jobs.php on line 101
[07-Apr-2026 10:51:54 Asia/Manila] PHP Warning:  Undefined array key "parent_province" in C:\laragon\www\carelink_api\helper\browse_jobs.php on line 124
[07-Apr-2026 10:51:54 Asia/Manila] PHP Warning:  Undefined array key "parent_municipality" in C:\laragon\www\carelink_api\helper\browse_jobs.php on line 125
[07-Apr-2026 10:51:54 Asia/Manila] PHP Warning:  Undefined array key "category_ids" in C:\laragon\www\carelink_api\helper\browse_jobs.php on line 101
[07-Apr-2026 10:51:54 Asia/Manila] PHP Deprecated:  json_decode(): Passing null to parameter #1 ($json) of type string is deprecated in C:\laragon\www\carelink_api\helper\browse_jobs.php on line 101
[07-Apr-2026 10:51:54 Asia/Manila] PHP Warning:  Undefined array key "parent_province" in C:\laragon\www\carelink_api\helper\browse_jobs.php on line 124
[07-Apr-2026 10:51:54 Asia/Manila] PHP Warning:  Undefined array key "parent_municipality" in C:\laragon\www\carelink_api\helper\browse_jobs.php on line 125
[07-Apr-2026 10:51:55 Asia/Manila] Database connection successful at 2026-04-07 10:51:55
[07-Apr-2026 10:51:56 Asia/Manila] Database connection successful at 2026-04-07 10:51:56
[07-Apr-2026 10:51:56 Asia/Manila] Database connection successful at 2026-04-07 10:51:56
[07-Apr-2026 10:51:56 Asia/Manila] Database connection successful at 2026-04-07 10:51:56
[07-Apr-2026 10:51:56 Asia/Manila] Database connection successful at 2026-04-07 10:51:56
[07-Apr-2026 10:51:56 Asia/Manila] Database connection successful at 2026-04-07 10:51:56
[07-Apr-2026 10:51:56 Asia/Manila] PHP Warning:  Undefined array key "category_ids" in C:\laragon\www\carelink_api\helper\browse_jobs.php on line 101
[07-Apr-2026 10:51:56 Asia/Manila] PHP Deprecated:  json_decode(): Passing null to parameter #1 ($json) of type string is deprecated in C:\laragon\www\carelink_api\helper\browse_jobs.php on line 101
[07-Apr-2026 10:51:56 Asia/Manila] PHP Warning:  Undefined array key "parent_province" in C:\laragon\www\carelink_api\helper\browse_jobs.php on line 124
[07-Apr-2026 10:51:56 Asia/Manila] PHP Warning:  Undefined array key "parent_municipality" in C:\laragon\www\carelink_api\helper\browse_jobs.php on line 125
[07-Apr-2026 10:51:56 Asia/Manila] PHP Warning:  Undefined array key "category_ids" in C:\laragon\www\carelink_api\helper\browse_jobs.php on line 101
[07-Apr-2026 10:51:56 Asia/Manila] PHP Deprecated:  json_decode(): Passing null to parameter #1 ($json) of type string is deprecated in C:\laragon\www\carelink_api\helper\browse_jobs.php on line 101
[07-Apr-2026 10:51:56 Asia/Manila] PHP Warning:  Undefined array key "parent_province" in C:\laragon\www\carelink_api\helper\browse_jobs.php on line 124
[07-Apr-2026 10:51:56 Asia/Manila] PHP Warning:  Undefined array key "parent_municipality" in C:\laragon\www\carelink_api\helper\browse_jobs.php on line 125
[07-Apr-2026 10:52:02 Asia/Manila] Database connection successful at 2026-04-07 10:52:02
[07-Apr-2026 10:52:08 Asia/Manila] Database connection successful at 2026-04-07 10:52:08
[07-Apr-2026 10:52:08 Asia/Manila] Database connection successful at 2026-04-07 10:52:08
[07-Apr-2026 10:52:30 Asia/Manila] Database connection successful at 2026-04-07 10:52:30
[07-Apr-2026 10:52:31 Asia/Manila] Database connection successful at 2026-04-07 10:52:31
[07-Apr-2026 10:52:31 Asia/Manila] Database connection successful at 2026-04-07 10:52:31
[07-Apr-2026 10:52:31 Asia/Manila] Database connection successful at 2026-04-07 10:52:31
[07-Apr-2026 10:52:31 Asia/Manila] Database connection successful at 2026-04-07 10:52:31
[07-Apr-2026 10:52:31 Asia/Manila] Database connection successful at 2026-04-07 10:52:31
[07-Apr-2026 10:52:31 Asia/Manila] PHP Warning:  Undefined array key "category_ids" in C:\laragon\www\carelink_api\helper\browse_jobs.php on line 101
[07-Apr-2026 10:52:31 Asia/Manila] PHP Deprecated:  json_decode(): Passing null to parameter #1 ($json) of type string is deprecated in C:\laragon\www\carelink_api\helper\browse_jobs.php on line 101
[07-Apr-2026 10:52:31 Asia/Manila] PHP Warning:  Undefined array key "parent_province" in C:\laragon\www\carelink_api\helper\browse_jobs.php on line 124
[07-Apr-2026 10:52:31 Asia/Manila] PHP Warning:  Undefined array key "parent_municipality" in C:\laragon\www\carelink_api\helper\browse_jobs.php on line 125
[07-Apr-2026 10:52:31 Asia/Manila] PHP Warning:  Undefined array key "category_ids" in C:\laragon\www\carelink_api\helper\browse_jobs.php on line 101
[07-Apr-2026 10:52:31 Asia/Manila] PHP Deprecated:  json_decode(): Passing null to parameter #1 ($json) of type string is deprecated in C:\laragon\www\carelink_api\helper\browse_jobs.php on line 101
[07-Apr-2026 10:52:31 Asia/Manila] PHP Warning:  Undefined array key "parent_province" in C:\laragon\www\carelink_api\helper\browse_jobs.php on line 124
[07-Apr-2026 10:52:31 Asia/Manila] PHP Warning:  Undefined array key "parent_municipality" in C:\laragon\www\carelink_api\helper\browse_jobs.php on line 125
[07-Apr-2026 10:52:31 Asia/Manila] Database connection successful at 2026-04-07 10:52:31
[07-Apr-2026 10:52:31 Asia/Manila] Database connection successful at 2026-04-07 10:52:31
[07-Apr-2026 10:52:32 Asia/Manila] Database connection successful at 2026-04-07 10:52:32
[07-Apr-2026 10:52:32 Asia/Manila] Database connection successful at 2026-04-07 10:52:32
[07-Apr-2026 10:52:32 Asia/Manila] Database connection successful at 2026-04-07 10:52:32
[07-Apr-2026 10:52:32 Asia/Manila] Database connection successful at 2026-04-07 10:52:32
[07-Apr-2026 10:52:32 Asia/Manila] Database connection successful at 2026-04-07 10:52:32
[07-Apr-2026 10:52:32 Asia/Manila] PHP Warning:  Undefined array key "category_ids" in C:\laragon\www\carelink_api\helper\browse_jobs.php on line 101
[07-Apr-2026 10:52:32 Asia/Manila] PHP Deprecated:  json_decode(): Passing null to parameter #1 ($json) of type string is deprecated in C:\laragon\www\carelink_api\helper\browse_jobs.php on line 101
[07-Apr-2026 10:52:32 Asia/Manila] PHP Warning:  Undefined array key "parent_province" in C:\laragon\www\carelink_api\helper\browse_jobs.php on line 124
[07-Apr-2026 10:52:32 Asia/Manila] PHP Warning:  Undefined array key "parent_municipality" in C:\laragon\www\carelink_api\helper\browse_jobs.php on line 125
[07-Apr-2026 10:52:32 Asia/Manila] PHP Warning:  Undefined array key "category_ids" in C:\laragon\www\carelink_api\helper\browse_jobs.php on line 101
[07-Apr-2026 10:52:32 Asia/Manila] PHP Deprecated:  json_decode(): Passing null to parameter #1 ($json) of type string is deprecated in C:\laragon\www\carelink_api\helper\browse_jobs.php on line 101
[07-Apr-2026 10:52:32 Asia/Manila] PHP Warning:  Undefined array key "parent_province" in C:\laragon\www\carelink_api\helper\browse_jobs.php on line 124
[07-Apr-2026 10:52:32 Asia/Manila] PHP Warning:  Undefined array key "parent_municipality" in C:\laragon\www\carelink_api\helper\browse_jobs.php on line 125
[08-Apr-2026 10:38:21 Asia/Manila] Database connection successful at 2026-04-08 10:38:21
[08-Apr-2026 10:38:22 Asia/Manila] Database connection successful at 2026-04-08 10:38:22
[08-Apr-2026 10:38:22 Asia/Manila] Database connection successful at 2026-04-08 10:38:22
[08-Apr-2026 10:38:28 Asia/Manila] Database connection successful at 2026-04-08 10:38:28
[08-Apr-2026 10:38:31 Asia/Manila] Database connection successful at 2026-04-08 10:38:31
[08-Apr-2026 10:38:31 Asia/Manila] === GET HELPER PROFILE === User ID: 1
[08-Apr-2026 10:38:31 Asia/Manila] Found 4 documents
[08-Apr-2026 10:38:31 Asia/Manila] ✅ Profile retrieved successfully
[08-Apr-2026 10:38:43 Asia/Manila] Database connection successful at 2026-04-08 10:38:43
[08-Apr-2026 10:39:15 Asia/Manila] Database connection successful at 2026-04-08 10:39:15
[08-Apr-2026 10:39:17 Asia/Manila] Database connection successful at 2026-04-08 10:39:17
[08-Apr-2026 10:39:26 Asia/Manila] Database connection successful at 2026-04-08 10:39:26
[08-Apr-2026 10:39:26 Asia/Manila] Found 4 users
[08-Apr-2026 10:39:29 Asia/Manila] Database connection successful at 2026-04-08 10:39:29
[08-Apr-2026 10:40:09 Asia/Manila] Database connection successful at 2026-04-08 10:40:09
[08-Apr-2026 10:40:09 Asia/Manila] Found 4 users
[08-Apr-2026 10:40:11 Asia/Manila] Database connection successful at 2026-04-08 10:40:11
[08-Apr-2026 10:40:11 Asia/Manila] Found 4 users
[08-Apr-2026 10:40:11 Asia/Manila] Database connection successful at 2026-04-08 10:40:11
[08-Apr-2026 10:40:23 Asia/Manila] Database connection successful at 2026-04-08 10:40:23
[08-Apr-2026 10:40:23 Asia/Manila] Found 4 users
[08-Apr-2026 10:40:24 Asia/Manila] Database connection successful at 2026-04-08 10:40:24
[08-Apr-2026 10:40:26 Asia/Manila] Database connection successful at 2026-04-08 10:40:26
[08-Apr-2026 10:40:26 Asia/Manila] Found 4 users
[08-Apr-2026 10:40:27 Asia/Manila] Database connection successful at 2026-04-08 10:40:27
[08-Apr-2026 10:40:31 Asia/Manila] Database connection successful at 2026-04-08 10:40:31
[08-Apr-2026 10:40:31 Asia/Manila] Found 4 users
[08-Apr-2026 10:40:35 Asia/Manila] Database connection successful at 2026-04-08 10:40:35
[08-Apr-2026 10:45:19 Asia/Manila] Database connection successful at 2026-04-08 10:45:19
[08-Apr-2026 10:59:36 Asia/Manila] Database connection successful at 2026-04-08 10:59:36
[08-Apr-2026 10:59:49 Asia/Manila] Database connection successful at 2026-04-08 10:59:49
[08-Apr-2026 11:07:39 Asia/Manila] Database connection successful at 2026-04-08 11:07:39
[08-Apr-2026 11:07:57 Asia/Manila] Database connection successful at 2026-04-08 11:07:57
[08-Apr-2026 11:08:09 Asia/Manila] Database connection successful at 2026-04-08 11:08:09
[08-Apr-2026 11:08:15 Asia/Manila] Database connection successful at 2026-04-08 11:08:15
[08-Apr-2026 11:11:00 Asia/Manila] Database connection successful at 2026-04-08 11:11:00
[08-Apr-2026 11:11:00 Asia/Manila] Database connection successful at 2026-04-08 11:11:00
[08-Apr-2026 11:11:06 Asia/Manila] Database connection successful at 2026-04-08 11:11:06
[08-Apr-2026 11:11:47 Asia/Manila] Database connection successful at 2026-04-08 11:11:47
[08-Apr-2026 11:25:16 Asia/Manila] Database connection successful at 2026-04-08 11:25:16
[08-Apr-2026 11:26:42 Asia/Manila] Database connection successful at 2026-04-08 11:26:42
[08-Apr-2026 11:29:04 Asia/Manila] Database connection successful at 2026-04-08 11:29:04
[08-Apr-2026 11:29:05 Asia/Manila] Database connection successful at 2026-04-08 11:29:05
[08-Apr-2026 11:29:05 Asia/Manila] Database connection successful at 2026-04-08 11:29:05
[08-Apr-2026 11:29:07 Asia/Manila] Database connection successful at 2026-04-08 11:29:07
[08-Apr-2026 11:29:11 Asia/Manila] Database connection successful at 2026-04-08 11:29:11
[08-Apr-2026 11:29:16 Asia/Manila] Database connection successful at 2026-04-08 11:29:16
[08-Apr-2026 11:36:25 Asia/Manila] Database connection successful at 2026-04-08 11:36:25
[08-Apr-2026 11:36:29 Asia/Manila] Database connection successful at 2026-04-08 11:36:29
[08-Apr-2026 11:36:29 Asia/Manila] Database connection successful at 2026-04-08 11:36:29
[08-Apr-2026 11:36:30 Asia/Manila] Database connection successful at 2026-04-08 11:36:30
[08-Apr-2026 11:36:30 Asia/Manila] Database connection successful at 2026-04-08 11:36:30
[08-Apr-2026 11:36:30 Asia/Manila] Database connection successful at 2026-04-08 11:36:30
[08-Apr-2026 11:36:30 Asia/Manila] Database connection successful at 2026-04-08 11:36:30
[08-Apr-2026 11:36:30 Asia/Manila] Database connection successful at 2026-04-08 11:36:30
[08-Apr-2026 11:36:33 Asia/Manila] Database connection successful at 2026-04-08 11:36:33
[08-Apr-2026 11:36:54 Asia/Manila] Database connection successful at 2026-04-08 11:36:54
[08-Apr-2026 11:37:52 Asia/Manila] Database connection successful at 2026-04-08 11:37:52
[08-Apr-2026 11:37:52 Asia/Manila] Database connection successful at 2026-04-08 11:37:52
[08-Apr-2026 11:37:52 Asia/Manila] Database connection successful at 2026-04-08 11:37:52
[08-Apr-2026 11:37:52 Asia/Manila] Database connection successful at 2026-04-08 11:37:52
[08-Apr-2026 11:37:52 Asia/Manila] Database connection successful at 2026-04-08 11:37:52
[08-Apr-2026 11:37:54 Asia/Manila] Database connection successful at 2026-04-08 11:37:54
[08-Apr-2026 11:37:54 Asia/Manila] Database connection successful at 2026-04-08 11:37:54
[08-Apr-2026 11:37:54 Asia/Manila] Database connection successful at 2026-04-08 11:37:54
[08-Apr-2026 11:37:54 Asia/Manila] Database connection successful at 2026-04-08 11:37:54
[08-Apr-2026 11:37:54 Asia/Manila] Database connection successful at 2026-04-08 11:37:54
[08-Apr-2026 11:38:45 Asia/Manila] Database connection successful at 2026-04-08 11:38:45
[08-Apr-2026 11:38:55 Asia/Manila] Database connection successful at 2026-04-08 11:38:55
[08-Apr-2026 11:38:57 Asia/Manila] Database connection successful at 2026-04-08 11:38:57
[08-Apr-2026 11:38:57 Asia/Manila] Database connection successful at 2026-04-08 11:38:57
[08-Apr-2026 11:38:58 Asia/Manila] Database connection successful at 2026-04-08 11:38:58
[08-Apr-2026 11:38:58 Asia/Manila] Database connection successful at 2026-04-08 11:38:58
[08-Apr-2026 11:38:58 Asia/Manila] === GET PARENT PROFILE (NORMALIZED) === User ID: 2
[08-Apr-2026 11:38:58 Asia/Manila] ✅ Retrieved profile with 1 children, 1 elderly, and 2 documents
[08-Apr-2026 11:38:58 Asia/Manila] Database connection successful at 2026-04-08 11:38:58
[08-Apr-2026 11:38:58 Asia/Manila] Database connection successful at 2026-04-08 11:38:58
[08-Apr-2026 11:38:58 Asia/Manila] Database connection successful at 2026-04-08 11:38:58
[08-Apr-2026 11:38:58 Asia/Manila] Database connection successful at 2026-04-08 11:38:58
[08-Apr-2026 11:38:58 Asia/Manila] === GET PARENT PROFILE (NORMALIZED) === User ID: 2
[08-Apr-2026 11:38:58 Asia/Manila] Database connection successful at 2026-04-08 11:38:58
[08-Apr-2026 11:38:58 Asia/Manila] Database connection successful at 2026-04-08 11:38:58
[08-Apr-2026 11:38:58 Asia/Manila] ✅ Retrieved profile with 1 children, 1 elderly, and 2 documents
[08-Apr-2026 11:38:58 Asia/Manila] Database connection successful at 2026-04-08 11:38:58
[08-Apr-2026 11:38:58 Asia/Manila] Database connection successful at 2026-04-08 11:38:58
[08-Apr-2026 11:38:58 Asia/Manila] Database connection successful at 2026-04-08 11:38:58
[08-Apr-2026 11:45:25 Asia/Manila] Database connection successful at 2026-04-08 11:45:25
[08-Apr-2026 11:45:25 Asia/Manila] Database connection successful at 2026-04-08 11:45:25
[08-Apr-2026 11:45:25 Asia/Manila] Database connection successful at 2026-04-08 11:45:25
[08-Apr-2026 11:45:25 Asia/Manila] Database connection successful at 2026-04-08 11:45:25
[08-Apr-2026 11:45:25 Asia/Manila] Database connection successful at 2026-04-08 11:45:25
[08-Apr-2026 11:45:31 Asia/Manila] Database connection successful at 2026-04-08 11:45:31
[08-Apr-2026 11:45:37 Asia/Manila] Database connection successful at 2026-04-08 11:45:37
[08-Apr-2026 11:45:43 Asia/Manila] Database connection successful at 2026-04-08 11:45:43
[08-Apr-2026 11:45:46 Asia/Manila] Database connection successful at 2026-04-08 11:45:46
[08-Apr-2026 11:45:51 Asia/Manila] Database connection successful at 2026-04-08 11:45:51
[08-Apr-2026 11:50:47 Asia/Manila] Database connection successful at 2026-04-08 11:50:47
[08-Apr-2026 11:51:04 Asia/Manila] Database connection successful at 2026-04-08 11:51:04
[08-Apr-2026 11:51:06 Asia/Manila] Database connection successful at 2026-04-08 11:51:06
[08-Apr-2026 11:54:55 Asia/Manila] Database connection successful at 2026-04-08 11:54:55
[08-Apr-2026 11:54:55 Asia/Manila] Database connection successful at 2026-04-08 11:54:55
[08-Apr-2026 11:55:01 Asia/Manila] Database connection successful at 2026-04-08 11:55:01
[08-Apr-2026 11:55:09 Asia/Manila] Database connection successful at 2026-04-08 11:55:09
[08-Apr-2026 11:55:17 Asia/Manila] Database connection successful at 2026-04-08 11:55:17
[08-Apr-2026 11:55:20 Asia/Manila] Database connection successful at 2026-04-08 11:55:20
[08-Apr-2026 11:55:24 Asia/Manila] Database connection successful at 2026-04-08 11:55:24
[08-Apr-2026 11:55:28 Asia/Manila] Database connection successful at 2026-04-08 11:55:28
[08-Apr-2026 11:55:28 Asia/Manila] Database connection successful at 2026-04-08 11:55:28
[08-Apr-2026 11:55:41 Asia/Manila] Database connection successful at 2026-04-08 11:55:41
[08-Apr-2026 11:55:43 Asia/Manila] Database connection successful at 2026-04-08 11:55:43
[08-Apr-2026 11:55:43 Asia/Manila] Database connection successful at 2026-04-08 11:55:43
[08-Apr-2026 11:55:45 Asia/Manila] Database connection successful at 2026-04-08 11:55:45
[08-Apr-2026 11:55:45 Asia/Manila] Database connection successful at 2026-04-08 11:55:45
[08-Apr-2026 11:55:45 Asia/Manila] === GET PARENT PROFILE (NORMALIZED) === User ID: 2
[08-Apr-2026 11:55:45 Asia/Manila] ✅ Retrieved profile with 1 children, 1 elderly, and 2 documents
[08-Apr-2026 11:55:45 Asia/Manila] Database connection successful at 2026-04-08 11:55:45
[08-Apr-2026 11:55:45 Asia/Manila] Database connection successful at 2026-04-08 11:55:45
[08-Apr-2026 11:55:45 Asia/Manila] Database connection successful at 2026-04-08 11:55:45
[08-Apr-2026 11:55:45 Asia/Manila] Database connection successful at 2026-04-08 11:55:45
[08-Apr-2026 11:55:45 Asia/Manila] Database connection successful at 2026-04-08 11:55:45
[08-Apr-2026 11:55:45 Asia/Manila] Database connection successful at 2026-04-08 11:55:45
[08-Apr-2026 11:55:45 Asia/Manila] === GET PARENT PROFILE (NORMALIZED) === User ID: 2
[08-Apr-2026 11:55:45 Asia/Manila] Database connection successful at 2026-04-08 11:55:45
[08-Apr-2026 11:55:45 Asia/Manila] ✅ Retrieved profile with 1 children, 1 elderly, and 2 documents
[08-Apr-2026 11:55:45 Asia/Manila] Database connection successful at 2026-04-08 11:55:45
[08-Apr-2026 11:55:45 Asia/Manila] Database connection successful at 2026-04-08 11:55:45
[08-Apr-2026 11:55:55 Asia/Manila] Database connection successful at 2026-04-08 11:55:55
[08-Apr-2026 11:55:56 Asia/Manila] Database connection successful at 2026-04-08 11:55:56
[08-Apr-2026 11:55:56 Asia/Manila] Database connection successful at 2026-04-08 11:55:56
[08-Apr-2026 11:55:56 Asia/Manila] Database connection successful at 2026-04-08 11:55:56
[08-Apr-2026 11:55:57 Asia/Manila] Database connection successful at 2026-04-08 11:55:57
[08-Apr-2026 11:55:57 Asia/Manila] Database connection successful at 2026-04-08 11:55:57
[08-Apr-2026 11:55:57 Asia/Manila] Database connection successful at 2026-04-08 11:55:57
[08-Apr-2026 11:55:57 Asia/Manila] Database connection successful at 2026-04-08 11:55:57
[08-Apr-2026 11:55:57 Asia/Manila] Database connection successful at 2026-04-08 11:55:57
[08-Apr-2026 11:55:57 Asia/Manila] PHP Warning:  Undefined array key "category_ids" in C:\laragon\www\carelink_api\helper\browse_jobs.php on line 101
[08-Apr-2026 11:55:57 Asia/Manila] PHP Deprecated:  json_decode(): Passing null to parameter #1 ($json) of type string is deprecated in C:\laragon\www\carelink_api\helper\browse_jobs.php on line 101
[08-Apr-2026 11:55:57 Asia/Manila] PHP Warning:  Undefined array key "parent_province" in C:\laragon\www\carelink_api\helper\browse_jobs.php on line 124
[08-Apr-2026 11:55:57 Asia/Manila] PHP Warning:  Undefined array key "parent_municipality" in C:\laragon\www\carelink_api\helper\browse_jobs.php on line 125
[08-Apr-2026 11:55:57 Asia/Manila] PHP Warning:  Undefined array key "category_ids" in C:\laragon\www\carelink_api\helper\browse_jobs.php on line 101
[08-Apr-2026 11:55:57 Asia/Manila] PHP Deprecated:  json_decode(): Passing null to parameter #1 ($json) of type string is deprecated in C:\laragon\www\carelink_api\helper\browse_jobs.php on line 101
[08-Apr-2026 11:55:57 Asia/Manila] PHP Warning:  Undefined array key "parent_province" in C:\laragon\www\carelink_api\helper\browse_jobs.php on line 124
[08-Apr-2026 11:55:57 Asia/Manila] PHP Warning:  Undefined array key "parent_municipality" in C:\laragon\www\carelink_api\helper\browse_jobs.php on line 125
[08-Apr-2026 12:00:24 Asia/Manila] Database connection successful at 2026-04-08 12:00:24
[08-Apr-2026 12:00:24 Asia/Manila] Database connection successful at 2026-04-08 12:00:24
[08-Apr-2026 12:00:24 Asia/Manila] Database connection successful at 2026-04-08 12:00:24
[08-Apr-2026 12:00:24 Asia/Manila] Database connection successful at 2026-04-08 12:00:24
[08-Apr-2026 12:00:24 Asia/Manila] Database connection successful at 2026-04-08 12:00:24
[08-Apr-2026 12:00:24 Asia/Manila] PHP Warning:  Undefined array key "category_ids" in C:\laragon\www\carelink_api\helper\browse_jobs.php on line 101
[08-Apr-2026 12:00:24 Asia/Manila] PHP Deprecated:  json_decode(): Passing null to parameter #1 ($json) of type string is deprecated in C:\laragon\www\carelink_api\helper\browse_jobs.php on line 101
[08-Apr-2026 12:00:24 Asia/Manila] PHP Warning:  Undefined array key "parent_province" in C:\laragon\www\carelink_api\helper\browse_jobs.php on line 124
[08-Apr-2026 12:00:24 Asia/Manila] PHP Warning:  Undefined array key "parent_municipality" in C:\laragon\www\carelink_api\helper\browse_jobs.php on line 125
[08-Apr-2026 12:00:24 Asia/Manila] PHP Warning:  Undefined array key "category_ids" in C:\laragon\www\carelink_api\helper\browse_jobs.php on line 101
[08-Apr-2026 12:00:24 Asia/Manila] PHP Deprecated:  json_decode(): Passing null to parameter #1 ($json) of type string is deprecated in C:\laragon\www\carelink_api\helper\browse_jobs.php on line 101
[08-Apr-2026 12:00:24 Asia/Manila] PHP Warning:  Undefined array key "parent_province" in C:\laragon\www\carelink_api\helper\browse_jobs.php on line 124
[08-Apr-2026 12:00:24 Asia/Manila] PHP Warning:  Undefined array key "parent_municipality" in C:\laragon\www\carelink_api\helper\browse_jobs.php on line 125
[08-Apr-2026 12:16:35 Asia/Manila] Database connection successful at 2026-04-08 12:16:35
[08-Apr-2026 12:16:35 Asia/Manila] Database connection successful at 2026-04-08 12:16:35
[08-Apr-2026 12:16:35 Asia/Manila] Database connection successful at 2026-04-08 12:16:35
[08-Apr-2026 12:16:35 Asia/Manila] Database connection successful at 2026-04-08 12:16:35
[08-Apr-2026 12:16:35 Asia/Manila] Database connection successful at 2026-04-08 12:16:35
[08-Apr-2026 12:16:35 Asia/Manila] Database connection successful at 2026-04-08 12:16:35
[08-Apr-2026 12:16:35 Asia/Manila] Database connection successful at 2026-04-08 12:16:35
[08-Apr-2026 12:16:35 Asia/Manila] Database connection successful at 2026-04-08 12:16:35
[08-Apr-2026 12:17:50 Asia/Manila] Database connection successful at 2026-04-08 12:17:50
[08-Apr-2026 12:17:50 Asia/Manila] Database connection successful at 2026-04-08 12:17:50
[08-Apr-2026 12:17:50 Asia/Manila] Database connection successful at 2026-04-08 12:17:50
[08-Apr-2026 12:17:50 Asia/Manila] Database connection successful at 2026-04-08 12:17:50
[08-Apr-2026 12:17:50 Asia/Manila] PHP Warning:  Undefined array key "category_ids" in C:\laragon\www\carelink_api\helper\browse_jobs.php on line 101
[08-Apr-2026 12:17:50 Asia/Manila] Database connection successful at 2026-04-08 12:17:50
[08-Apr-2026 12:17:50 Asia/Manila] PHP Deprecated:  json_decode(): Passing null to parameter #1 ($json) of type string is deprecated in C:\laragon\www\carelink_api\helper\browse_jobs.php on line 101
[08-Apr-2026 12:17:50 Asia/Manila] PHP Warning:  Undefined array key "category_ids" in C:\laragon\www\carelink_api\helper\browse_jobs.php on line 101
[08-Apr-2026 12:17:50 Asia/Manila] PHP Deprecated:  json_decode(): Passing null to parameter #1 ($json) of type string is deprecated in C:\laragon\www\carelink_api\helper\browse_jobs.php on line 101
[08-Apr-2026 12:18:16 Asia/Manila] Database connection successful at 2026-04-08 12:18:16
[08-Apr-2026 12:18:16 Asia/Manila] Database connection successful at 2026-04-08 12:18:16
[08-Apr-2026 12:18:16 Asia/Manila] PHP Warning:  Undefined array key "category_ids" in C:\laragon\www\carelink_api\helper\browse_jobs.php on line 101
[08-Apr-2026 12:18:16 Asia/Manila] PHP Deprecated:  json_decode(): Passing null to parameter #1 ($json) of type string is deprecated in C:\laragon\www\carelink_api\helper\browse_jobs.php on line 101
[08-Apr-2026 12:18:31 Asia/Manila] Database connection successful at 2026-04-08 12:18:31
[08-Apr-2026 12:22:17 Asia/Manila] Database connection successful at 2026-04-08 12:22:17
[08-Apr-2026 12:22:17 Asia/Manila] Database connection successful at 2026-04-08 12:22:17
[08-Apr-2026 12:22:17 Asia/Manila] Database connection successful at 2026-04-08 12:22:17
[08-Apr-2026 12:22:17 Asia/Manila] Database connection successful at 2026-04-08 12:22:17
[08-Apr-2026 12:22:22 Asia/Manila] Database connection successful at 2026-04-08 12:22:22
[08-Apr-2026 12:22:22 Asia/Manila] Database connection successful at 2026-04-08 12:22:22
[08-Apr-2026 12:22:22 Asia/Manila] Database connection successful at 2026-04-08 12:22:22
[08-Apr-2026 12:22:22 Asia/Manila] Database connection successful at 2026-04-08 12:22:22
[08-Apr-2026 12:31:49 Asia/Manila] Database connection successful at 2026-04-08 12:31:49
[08-Apr-2026 12:31:49 Asia/Manila] Database connection successful at 2026-04-08 12:31:49
[08-Apr-2026 12:31:49 Asia/Manila] Database connection successful at 2026-04-08 12:31:49
[08-Apr-2026 12:31:49 Asia/Manila] Database connection successful at 2026-04-08 12:31:49
[08-Apr-2026 12:36:10 Asia/Manila] Database connection successful at 2026-04-08 12:36:10
[08-Apr-2026 12:36:30 Asia/Manila] Database connection successful at 2026-04-08 12:36:30
[08-Apr-2026 12:36:33 Asia/Manila] Database connection successful at 2026-04-08 12:36:33
[08-Apr-2026 12:36:33 Asia/Manila] Database connection successful at 2026-04-08 12:36:33
[08-Apr-2026 12:38:33 Asia/Manila] Database connection successful at 2026-04-08 12:38:33
[08-Apr-2026 12:38:35 Asia/Manila] Database connection successful at 2026-04-08 12:38:35
[08-Apr-2026 12:38:35 Asia/Manila] Database connection successful at 2026-04-08 12:38:35
[08-Apr-2026 12:38:35 Asia/Manila] Database connection successful at 2026-04-08 12:38:35
[08-Apr-2026 12:38:37 Asia/Manila] Database connection successful at 2026-04-08 12:38:37
[08-Apr-2026 12:38:49 Asia/Manila] Database connection successful at 2026-04-08 12:38:49
[08-Apr-2026 12:38:51 Asia/Manila] Database connection successful at 2026-04-08 12:38:51
[08-Apr-2026 12:38:51 Asia/Manila] Database connection successful at 2026-04-08 12:38:51
[08-Apr-2026 12:38:52 Asia/Manila] Database connection successful at 2026-04-08 12:38:52
[08-Apr-2026 12:38:52 Asia/Manila] Database connection successful at 2026-04-08 12:38:52
[08-Apr-2026 12:38:52 Asia/Manila] Database connection successful at 2026-04-08 12:38:52
[08-Apr-2026 12:38:53 Asia/Manila] Database connection successful at 2026-04-08 12:38:53
[08-Apr-2026 12:38:53 Asia/Manila] Database connection successful at 2026-04-08 12:38:53
[08-Apr-2026 12:38:53 Asia/Manila] === GET PARENT PROFILE (NORMALIZED) === User ID: 2
[08-Apr-2026 12:38:53 Asia/Manila] ✅ Retrieved profile with 1 children, 1 elderly, and 2 documents
[08-Apr-2026 12:38:53 Asia/Manila] Database connection successful at 2026-04-08 12:38:53
[08-Apr-2026 12:38:53 Asia/Manila] Database connection successful at 2026-04-08 12:38:53
[08-Apr-2026 12:38:53 Asia/Manila] Database connection successful at 2026-04-08 12:38:53
[08-Apr-2026 12:38:53 Asia/Manila] Database connection successful at 2026-04-08 12:38:53
[08-Apr-2026 12:38:53 Asia/Manila] Database connection successful at 2026-04-08 12:38:53
[08-Apr-2026 12:38:53 Asia/Manila] Database connection successful at 2026-04-08 12:38:53
[08-Apr-2026 12:38:53 Asia/Manila] Database connection successful at 2026-04-08 12:38:53
[08-Apr-2026 12:38:53 Asia/Manila] Database connection successful at 2026-04-08 12:38:53
[08-Apr-2026 12:38:53 Asia/Manila] === GET PARENT PROFILE (NORMALIZED) === User ID: 2
[08-Apr-2026 12:38:53 Asia/Manila] Database connection successful at 2026-04-08 12:38:53
[08-Apr-2026 12:38:53 Asia/Manila] ✅ Retrieved profile with 1 children, 1 elderly, and 2 documents
[08-Apr-2026 12:38:55 Asia/Manila] Database connection successful at 2026-04-08 12:38:55
[08-Apr-2026 12:38:55 Asia/Manila] Database connection successful at 2026-04-08 12:38:55
[08-Apr-2026 12:38:55 Asia/Manila] Database connection successful at 2026-04-08 12:38:55
[08-Apr-2026 12:38:57 Asia/Manila] Database connection successful at 2026-04-08 12:38:57
[08-Apr-2026 12:38:57 Asia/Manila] Database connection successful at 2026-04-08 12:38:57
[08-Apr-2026 12:38:57 Asia/Manila] === GET PARENT PROFILE (NORMALIZED) === User ID: 2
[08-Apr-2026 12:38:57 Asia/Manila] ✅ Retrieved profile with 1 children, 1 elderly, and 2 documents
[08-Apr-2026 12:38:57 Asia/Manila] Database connection successful at 2026-04-08 12:38:57
[08-Apr-2026 12:38:57 Asia/Manila] Database connection successful at 2026-04-08 12:38:57
[08-Apr-2026 12:38:57 Asia/Manila] Database connection successful at 2026-04-08 12:38:57
[08-Apr-2026 12:38:57 Asia/Manila] Database connection successful at 2026-04-08 12:38:57
[08-Apr-2026 12:38:57 Asia/Manila] Database connection successful at 2026-04-08 12:38:57
[08-Apr-2026 12:38:57 Asia/Manila] === GET PARENT PROFILE (NORMALIZED) === User ID: 2
[08-Apr-2026 12:38:57 Asia/Manila] Database connection successful at 2026-04-08 12:38:57
[08-Apr-2026 12:38:57 Asia/Manila] Database connection successful at 2026-04-08 12:38:57
[08-Apr-2026 12:38:57 Asia/Manila] ✅ Retrieved profile with 1 children, 1 elderly, and 2 documents
[08-Apr-2026 12:38:57 Asia/Manila] Database connection successful at 2026-04-08 12:38:57
[08-Apr-2026 12:38:57 Asia/Manila] Database connection successful at 2026-04-08 12:38:57
[08-Apr-2026 12:38:58 Asia/Manila] Database connection successful at 2026-04-08 12:38:58
[08-Apr-2026 12:38:58 Asia/Manila] Database connection successful at 2026-04-08 12:38:58
[08-Apr-2026 12:38:58 Asia/Manila] Database connection successful at 2026-04-08 12:38:58
[08-Apr-2026 12:42:50 Asia/Manila] Database connection successful at 2026-04-08 12:42:50
[08-Apr-2026 12:42:50 Asia/Manila] Database connection successful at 2026-04-08 12:42:50
[08-Apr-2026 12:42:50 Asia/Manila] Database connection successful at 2026-04-08 12:42:50
[08-Apr-2026 12:43:31 Asia/Manila] Database connection successful at 2026-04-08 12:43:31
[08-Apr-2026 12:43:31 Asia/Manila] Database connection successful at 2026-04-08 12:43:31
[08-Apr-2026 12:43:31 Asia/Manila] Database connection successful at 2026-04-08 12:43:31
[08-Apr-2026 12:48:18 Asia/Manila] Database connection successful at 2026-04-08 12:48:18
[08-Apr-2026 12:48:18 Asia/Manila] Database connection successful at 2026-04-08 12:48:18
[08-Apr-2026 12:48:27 Asia/Manila] Database connection successful at 2026-04-08 12:48:27
[08-Apr-2026 13:13:37 Asia/Manila] Database connection successful at 2026-04-08 13:13:37
[08-Apr-2026 13:14:23 Asia/Manila] Database connection successful at 2026-04-08 13:14:23
[08-Apr-2026 13:24:14 Asia/Manila] Database connection successful at 2026-04-08 13:24:14
[08-Apr-2026 13:24:14 Asia/Manila] Database connection successful at 2026-04-08 13:24:14
[08-Apr-2026 13:24:14 Asia/Manila] Database connection successful at 2026-04-08 13:24:14
[08-Apr-2026 13:24:17 Asia/Manila] Database connection successful at 2026-04-08 13:24:17
[08-Apr-2026 13:24:17 Asia/Manila] Database connection successful at 2026-04-08 13:24:17
[08-Apr-2026 13:24:17 Asia/Manila] === GET PARENT PROFILE (NORMALIZED) === User ID: 2
[08-Apr-2026 13:24:17 Asia/Manila] ✅ Retrieved profile with 1 children, 1 elderly, and 2 documents
[08-Apr-2026 13:24:17 Asia/Manila] Database connection successful at 2026-04-08 13:24:17
[08-Apr-2026 13:24:17 Asia/Manila] Database connection successful at 2026-04-08 13:24:17
[08-Apr-2026 13:24:17 Asia/Manila] Database connection successful at 2026-04-08 13:24:17
[08-Apr-2026 13:24:17 Asia/Manila] Database connection successful at 2026-04-08 13:24:17
[08-Apr-2026 13:24:17 Asia/Manila] Database connection successful at 2026-04-08 13:24:17
[08-Apr-2026 13:24:17 Asia/Manila] Database connection successful at 2026-04-08 13:24:17
[08-Apr-2026 13:24:17 Asia/Manila] Database connection successful at 2026-04-08 13:24:17
[08-Apr-2026 13:24:17 Asia/Manila] === GET PARENT PROFILE (NORMALIZED) === User ID: 2
[08-Apr-2026 13:24:17 Asia/Manila] Database connection successful at 2026-04-08 13:24:17
[08-Apr-2026 13:24:17 Asia/Manila] Database connection successful at 2026-04-08 13:24:17
[08-Apr-2026 13:24:17 Asia/Manila] ✅ Retrieved profile with 1 children, 1 elderly, and 2 documents
[08-Apr-2026 13:24:19 Asia/Manila] Database connection successful at 2026-04-08 13:24:19
[08-Apr-2026 13:24:19 Asia/Manila] Database connection successful at 2026-04-08 13:24:19
[08-Apr-2026 13:24:23 Asia/Manila] Database connection successful at 2026-04-08 13:24:23
[08-Apr-2026 13:31:21 Asia/Manila] Database connection successful at 2026-04-08 13:31:21
[08-Apr-2026 13:31:21 Asia/Manila] Database connection successful at 2026-04-08 13:31:21
[08-Apr-2026 13:31:21 Asia/Manila] Database connection successful at 2026-04-08 13:31:21
[08-Apr-2026 13:31:25 Asia/Manila] Database connection successful at 2026-04-08 13:31:25
[08-Apr-2026 13:31:25 Asia/Manila] Database connection successful at 2026-04-08 13:31:25
[08-Apr-2026 13:31:29 Asia/Manila] Database connection successful at 2026-04-08 13:31:29
[08-Apr-2026 13:34:13 Asia/Manila] Database connection successful at 2026-04-08 13:34:13
[08-Apr-2026 13:34:13 Asia/Manila] PHP Fatal error:  Uncaught mysqli_sql_exception: Data truncated for column 'status' at row 1 in C:\laragon\www\carelink_api\auth\login.php:120
Stack trace:
#0 C:\laragon\www\carelink_api\auth\login.php(120): mysqli_stmt->execute()
#1 {main}
  thrown in C:\laragon\www\carelink_api\auth\login.php on line 120
[08-Apr-2026 13:34:18 Asia/Manila] Database connection successful at 2026-04-08 13:34:18
[08-Apr-2026 13:34:18 Asia/Manila] PHP Fatal error:  Uncaught mysqli_sql_exception: Data truncated for column 'status' at row 1 in C:\laragon\www\carelink_api\auth\login.php:120
Stack trace:
#0 C:\laragon\www\carelink_api\auth\login.php(120): mysqli_stmt->execute()
#1 {main}
  thrown in C:\laragon\www\carelink_api\auth\login.php on line 120
[08-Apr-2026 13:34:25 Asia/Manila] Database connection successful at 2026-04-08 13:34:25
[08-Apr-2026 13:34:26 Asia/Manila] Database connection successful at 2026-04-08 13:34:26
[08-Apr-2026 13:34:26 Asia/Manila] Database connection successful at 2026-04-08 13:34:26
[08-Apr-2026 13:35:42 Asia/Manila] Database connection successful at 2026-04-08 13:35:42
[08-Apr-2026 13:35:42 Asia/Manila] PHP Fatal error:  Uncaught mysqli_sql_exception: Data truncated for column 'status' at row 1 in C:\laragon\www\carelink_api\auth\login.php:120
Stack trace:
#0 C:\laragon\www\carelink_api\auth\login.php(120): mysqli_stmt->execute()
#1 {main}
  thrown in C:\laragon\www\carelink_api\auth\login.php on line 120
[08-Apr-2026 13:39:03 Asia/Manila] Database connection successful at 2026-04-08 13:39:03
[08-Apr-2026 13:39:03 Asia/Manila] PHP Fatal error:  Uncaught mysqli_sql_exception: Data truncated for column 'status' at row 1 in C:\laragon\www\carelink_api\auth\login.php:120
Stack trace:
#0 C:\laragon\www\carelink_api\auth\login.php(120): mysqli_stmt->execute()
#1 {main}
  thrown in C:\laragon\www\carelink_api\auth\login.php on line 120
[08-Apr-2026 13:42:11 Asia/Manila] Database connection successful at 2026-04-08 13:42:11
[08-Apr-2026 13:42:47 Asia/Manila] Database connection successful at 2026-04-08 13:42:47
[08-Apr-2026 13:42:49 Asia/Manila] Database connection successful at 2026-04-08 13:42:49
[08-Apr-2026 13:42:49 Asia/Manila] Database connection successful at 2026-04-08 13:42:49
[08-Apr-2026 13:42:53 Asia/Manila] Database connection successful at 2026-04-08 13:42:53
[08-Apr-2026 13:42:53 Asia/Manila] Database connection successful at 2026-04-08 13:42:53
[08-Apr-2026 13:42:53 Asia/Manila] Database connection successful at 2026-04-08 13:42:53
[08-Apr-2026 13:42:53 Asia/Manila] Database connection successful at 2026-04-08 13:42:53
[08-Apr-2026 13:42:53 Asia/Manila] Database connection successful at 2026-04-08 13:42:53
[08-Apr-2026 13:42:53 Asia/Manila] Database connection successful at 2026-04-08 13:42:53
[08-Apr-2026 13:42:54 Asia/Manila] Database connection successful at 2026-04-08 13:42:54
[08-Apr-2026 13:42:54 Asia/Manila] Database connection successful at 2026-04-08 13:42:54
[08-Apr-2026 13:42:54 Asia/Manila] === GET PARENT PROFILE (NORMALIZED) === User ID: 2
[08-Apr-2026 13:42:54 Asia/Manila] ✅ Retrieved profile with 1 children, 1 elderly, and 2 documents
[08-Apr-2026 13:42:55 Asia/Manila] Database connection successful at 2026-04-08 13:42:55
[08-Apr-2026 13:42:55 Asia/Manila] Database connection successful at 2026-04-08 13:42:55
[08-Apr-2026 13:42:55 Asia/Manila] Database connection successful at 2026-04-08 13:42:55
[08-Apr-2026 13:42:55 Asia/Manila] Database connection successful at 2026-04-08 13:42:55
[08-Apr-2026 13:42:55 Asia/Manila] Database connection successful at 2026-04-08 13:42:55
[08-Apr-2026 13:42:55 Asia/Manila] === GET PARENT PROFILE (NORMALIZED) === User ID: 2
[08-Apr-2026 13:42:55 Asia/Manila] Database connection successful at 2026-04-08 13:42:55
[08-Apr-2026 13:42:55 Asia/Manila] Database connection successful at 2026-04-08 13:42:55
[08-Apr-2026 13:42:55 Asia/Manila] Database connection successful at 2026-04-08 13:42:55
[08-Apr-2026 13:42:55 Asia/Manila] ✅ Retrieved profile with 1 children, 1 elderly, and 2 documents
[08-Apr-2026 13:42:55 Asia/Manila] Database connection successful at 2026-04-08 13:42:55
[08-Apr-2026 13:42:56 Asia/Manila] Database connection successful at 2026-04-08 13:42:56
[08-Apr-2026 13:42:56 Asia/Manila] Database connection successful at 2026-04-08 13:42:56
[08-Apr-2026 13:43:00 Asia/Manila] Database connection successful at 2026-04-08 13:43:00
[08-Apr-2026 13:43:06 Asia/Manila] Database connection successful at 2026-04-08 13:43:06
[08-Apr-2026 13:43:06 Asia/Manila] === UPDATE APP STATUS === ID: 1 to Rejected
[08-Apr-2026 13:50:04 Asia/Manila] Database connection successful at 2026-04-08 13:50:04
[08-Apr-2026 13:50:04 Asia/Manila] Database connection successful at 2026-04-08 13:50:04
[08-Apr-2026 13:50:10 Asia/Manila] Database connection successful at 2026-04-08 13:50:10
[08-Apr-2026 13:50:53 Asia/Manila] Database connection successful at 2026-04-08 13:50:53
[08-Apr-2026 13:50:53 Asia/Manila] Database connection successful at 2026-04-08 13:50:53
[08-Apr-2026 13:50:53 Asia/Manila] Database connection successful at 2026-04-08 13:50:53
[08-Apr-2026 13:50:56 Asia/Manila] Database connection successful at 2026-04-08 13:50:56
[08-Apr-2026 13:50:56 Asia/Manila] Database connection successful at 2026-04-08 13:50:56
[08-Apr-2026 13:50:56 Asia/Manila] === GET PARENT PROFILE (NORMALIZED) === User ID: 2
[08-Apr-2026 13:50:56 Asia/Manila] ✅ Retrieved profile with 1 children, 1 elderly, and 2 documents
[08-Apr-2026 13:50:56 Asia/Manila] Database connection successful at 2026-04-08 13:50:56
[08-Apr-2026 13:50:56 Asia/Manila] Database connection successful at 2026-04-08 13:50:56
[08-Apr-2026 13:50:56 Asia/Manila] Database connection successful at 2026-04-08 13:50:56
[08-Apr-2026 13:50:56 Asia/Manila] Database connection successful at 2026-04-08 13:50:56
[08-Apr-2026 13:50:56 Asia/Manila] === GET PARENT PROFILE (NORMALIZED) === User ID: 2
[08-Apr-2026 13:50:56 Asia/Manila] Database connection successful at 2026-04-08 13:50:56
[08-Apr-2026 13:50:56 Asia/Manila] Database connection successful at 2026-04-08 13:50:56
[08-Apr-2026 13:50:56 Asia/Manila] Database connection successful at 2026-04-08 13:50:56
[08-Apr-2026 13:50:56 Asia/Manila] ✅ Retrieved profile with 1 children, 1 elderly, and 2 documents
[08-Apr-2026 13:50:56 Asia/Manila] Database connection successful at 2026-04-08 13:50:56
[08-Apr-2026 13:50:56 Asia/Manila] Database connection successful at 2026-04-08 13:50:56
[08-Apr-2026 13:50:59 Asia/Manila] Database connection successful at 2026-04-08 13:50:59
[08-Apr-2026 13:50:59 Asia/Manila] Database connection successful at 2026-04-08 13:50:59
[08-Apr-2026 13:51:04 Asia/Manila] Database connection successful at 2026-04-08 13:51:04
[08-Apr-2026 14:01:41 Asia/Manila] Database connection successful at 2026-04-08 14:01:41
[08-Apr-2026 14:09:11 Asia/Manila] Database connection successful at 2026-04-08 14:09:11
[08-Apr-2026 14:11:03 Asia/Manila] Database connection successful at 2026-04-08 14:11:03
[08-Apr-2026 14:11:03 Asia/Manila] Database connection successful at 2026-04-08 14:11:03
[08-Apr-2026 14:13:52 Asia/Manila] Database connection successful at 2026-04-08 14:13:52
[08-Apr-2026 14:13:54 Asia/Manila] Database connection successful at 2026-04-08 14:13:54
[08-Apr-2026 14:13:54 Asia/Manila] Database connection successful at 2026-04-08 14:13:54
[08-Apr-2026 14:15:54 Asia/Manila] Database connection successful at 2026-04-08 14:15:54
[08-Apr-2026 14:15:57 Asia/Manila] Database connection successful at 2026-04-08 14:15:57
[08-Apr-2026 14:15:58 Asia/Manila] Database connection successful at 2026-04-08 14:15:58
[08-Apr-2026 14:15:58 Asia/Manila] Database connection successful at 2026-04-08 14:15:58
[08-Apr-2026 14:16:47 Asia/Manila] Database connection successful at 2026-04-08 14:16:47
[08-Apr-2026 14:16:56 Asia/Manila] Database connection successful at 2026-04-08 14:16:56
[08-Apr-2026 14:16:56 Asia/Manila] Database connection successful at 2026-04-08 14:16:56
[08-Apr-2026 14:16:56 Asia/Manila] Database connection successful at 2026-04-08 14:16:56
[08-Apr-2026 14:16:59 Asia/Manila] Database connection successful at 2026-04-08 14:16:59
[08-Apr-2026 14:16:59 Asia/Manila] === GET PARENT PROFILE (NORMALIZED) === User ID: 2
[08-Apr-2026 14:16:59 Asia/Manila] ✅ Retrieved profile with 1 children, 1 elderly, and 2 documents
[08-Apr-2026 14:17:00 Asia/Manila] Database connection successful at 2026-04-08 14:17:00
[08-Apr-2026 14:17:00 Asia/Manila] === GET PARENT PROFILE (NORMALIZED) === User ID: 2
[08-Apr-2026 14:17:00 Asia/Manila] ✅ Retrieved profile with 1 children, 1 elderly, and 2 documents
[08-Apr-2026 14:17:03 Asia/Manila] Database connection successful at 2026-04-08 14:17:03
[08-Apr-2026 14:17:03 Asia/Manila] Database connection successful at 2026-04-08 14:17:03
[08-Apr-2026 14:17:06 Asia/Manila] Database connection successful at 2026-04-08 14:17:06
[08-Apr-2026 14:17:06 Asia/Manila] === GET PARENT PROFILE (NORMALIZED) === User ID: 2
[08-Apr-2026 14:17:06 Asia/Manila] Database connection successful at 2026-04-08 14:17:06
[08-Apr-2026 14:17:06 Asia/Manila] ✅ Retrieved profile with 1 children, 1 elderly, and 2 documents
[08-Apr-2026 14:17:06 Asia/Manila] Database connection successful at 2026-04-08 14:17:06
[08-Apr-2026 14:17:06 Asia/Manila] Database connection successful at 2026-04-08 14:17:06
[08-Apr-2026 14:17:06 Asia/Manila] Database connection successful at 2026-04-08 14:17:06
[08-Apr-2026 14:17:06 Asia/Manila] Database connection successful at 2026-04-08 14:17:06
[08-Apr-2026 14:17:06 Asia/Manila] Database connection successful at 2026-04-08 14:17:06
[08-Apr-2026 14:17:06 Asia/Manila] Database connection successful at 2026-04-08 14:17:06
[08-Apr-2026 14:17:06 Asia/Manila] Database connection successful at 2026-04-08 14:17:06
[08-Apr-2026 14:17:06 Asia/Manila] === GET PARENT PROFILE (NORMALIZED) === User ID: 2
[08-Apr-2026 14:17:06 Asia/Manila] Database connection successful at 2026-04-08 14:17:06
[08-Apr-2026 14:17:06 Asia/Manila] ✅ Retrieved profile with 1 children, 1 elderly, and 2 documents
[08-Apr-2026 14:17:06 Asia/Manila] Database connection successful at 2026-04-08 14:17:06
[08-Apr-2026 14:17:08 Asia/Manila] Database connection successful at 2026-04-08 14:17:08
[08-Apr-2026 14:17:08 Asia/Manila] Database connection successful at 2026-04-08 14:17:08
[08-Apr-2026 14:17:15 Asia/Manila] Database connection successful at 2026-04-08 14:17:15
[08-Apr-2026 14:20:34 Asia/Manila] Database connection successful at 2026-04-08 14:20:34
[08-Apr-2026 14:20:51 Asia/Manila] Database connection successful at 2026-04-08 14:20:51
[08-Apr-2026 14:21:41 Asia/Manila] Database connection successful at 2026-04-08 14:21:41
[08-Apr-2026 14:21:54 Asia/Manila] Database connection successful at 2026-04-08 14:21:54
[08-Apr-2026 14:21:54 Asia/Manila] PHP Warning:  Undefined array key "phone" in C:\laragon\www\carelink_api\parent\get_job_applications.php on line 122
[08-Apr-2026 14:23:23 Asia/Manila] Database connection successful at 2026-04-08 14:23:23
[08-Apr-2026 14:23:23 Asia/Manila] Database connection successful at 2026-04-08 14:23:23
[08-Apr-2026 14:23:23 Asia/Manila] Database connection successful at 2026-04-08 14:23:23
[08-Apr-2026 14:23:48 Asia/Manila] Database connection successful at 2026-04-08 14:23:48
[08-Apr-2026 14:23:48 Asia/Manila] Database connection successful at 2026-04-08 14:23:48
[08-Apr-2026 14:23:53 Asia/Manila] Database connection successful at 2026-04-08 14:23:53
[08-Apr-2026 14:23:53 Asia/Manila] PHP Warning:  Undefined array key "phone" in C:\laragon\www\carelink_api\parent\get_job_applications.php on line 122
[08-Apr-2026 14:24:44 Asia/Manila] Database connection successful at 2026-04-08 14:24:44
[08-Apr-2026 14:24:44 Asia/Manila] Database connection successful at 2026-04-08 14:24:44
[08-Apr-2026 14:25:24 Asia/Manila] Database connection successful at 2026-04-08 14:25:24
[08-Apr-2026 14:25:26 Asia/Manila] Database connection successful at 2026-04-08 14:25:26
[08-Apr-2026 14:25:26 Asia/Manila] Database connection successful at 2026-04-08 14:25:26
[08-Apr-2026 14:25:26 Asia/Manila] Database connection successful at 2026-04-08 14:25:26
[08-Apr-2026 14:25:29 Asia/Manila] Database connection successful at 2026-04-08 14:25:29
[08-Apr-2026 14:25:29 Asia/Manila] Database connection successful at 2026-04-08 14:25:29
[08-Apr-2026 14:25:29 Asia/Manila] Database connection successful at 2026-04-08 14:25:29
[08-Apr-2026 14:25:31 Asia/Manila] Database connection successful at 2026-04-08 14:25:31
[08-Apr-2026 14:25:31 Asia/Manila] === GET HELPER PROFILE === User ID: 1
[08-Apr-2026 14:25:31 Asia/Manila] Found 4 documents
[08-Apr-2026 14:25:31 Asia/Manila] ✅ Profile retrieved successfully
[08-Apr-2026 14:48:41 Asia/Manila] Database connection successful at 2026-04-08 14:48:41
[08-Apr-2026 14:48:41 Asia/Manila] Database connection successful at 2026-04-08 14:48:41
[08-Apr-2026 14:48:41 Asia/Manila] Database connection successful at 2026-04-08 14:48:41
[08-Apr-2026 14:48:41 Asia/Manila] Database connection successful at 2026-04-08 14:48:41
[08-Apr-2026 14:48:49 Asia/Manila] Database connection successful at 2026-04-08 14:48:49
[08-Apr-2026 14:48:50 Asia/Manila] Database connection successful at 2026-04-08 14:48:50
[08-Apr-2026 14:48:50 Asia/Manila] Database connection successful at 2026-04-08 14:48:50
[08-Apr-2026 14:48:52 Asia/Manila] Database connection successful at 2026-04-08 14:48:52
[08-Apr-2026 14:48:52 Asia/Manila] Database connection successful at 2026-04-08 14:48:52
[08-Apr-2026 14:48:52 Asia/Manila] === GET PARENT PROFILE (NORMALIZED) === User ID: 2
[08-Apr-2026 14:48:52 Asia/Manila] ✅ Retrieved profile with 1 children, 1 elderly, and 2 documents
[08-Apr-2026 14:48:52 Asia/Manila] Database connection successful at 2026-04-08 14:48:52
[08-Apr-2026 14:48:52 Asia/Manila] Database connection successful at 2026-04-08 14:48:52
[08-Apr-2026 14:48:52 Asia/Manila] Database connection successful at 2026-04-08 14:48:52
[08-Apr-2026 14:48:52 Asia/Manila] Database connection successful at 2026-04-08 14:48:52
[08-Apr-2026 14:48:52 Asia/Manila] Database connection successful at 2026-04-08 14:48:52
[08-Apr-2026 14:48:52 Asia/Manila] Database connection successful at 2026-04-08 14:48:52
[08-Apr-2026 14:48:52 Asia/Manila] === GET PARENT PROFILE (NORMALIZED) === User ID: 2
[08-Apr-2026 14:48:52 Asia/Manila] Database connection successful at 2026-04-08 14:48:52
[08-Apr-2026 14:48:52 Asia/Manila] Database connection successful at 2026-04-08 14:48:52
[08-Apr-2026 14:48:52 Asia/Manila] Database connection successful at 2026-04-08 14:48:52
[08-Apr-2026 14:48:52 Asia/Manila] ✅ Retrieved profile with 1 children, 1 elderly, and 2 documents
[08-Apr-2026 14:48:53 Asia/Manila] Database connection successful at 2026-04-08 14:48:53
[08-Apr-2026 14:48:53 Asia/Manila] Database connection successful at 2026-04-08 14:48:53
[08-Apr-2026 14:48:56 Asia/Manila] Database connection successful at 2026-04-08 14:48:56
[08-Apr-2026 14:48:56 Asia/Manila] PHP Warning:  Undefined array key "phone" in C:\laragon\www\carelink_api\parent\get_job_applications.php on line 122
[08-Apr-2026 14:49:37 Asia/Manila] Database connection successful at 2026-04-08 14:49:37
[08-Apr-2026 14:49:37 Asia/Manila] Database connection successful at 2026-04-08 14:49:37
[08-Apr-2026 14:49:38 Asia/Manila] Database connection successful at 2026-04-08 14:49:38
[08-Apr-2026 14:49:38 Asia/Manila] Database connection successful at 2026-04-08 14:49:38
[08-Apr-2026 14:49:38 Asia/Manila] Database connection successful at 2026-04-08 14:49:38
[08-Apr-2026 14:49:38 Asia/Manila] Database connection successful at 2026-04-08 14:49:38
[08-Apr-2026 14:49:38 Asia/Manila] Database connection successful at 2026-04-08 14:49:38
[08-Apr-2026 14:49:38 Asia/Manila] Database connection successful at 2026-04-08 14:49:38
[08-Apr-2026 14:49:59 Asia/Manila] Database connection successful at 2026-04-08 14:49:59
[08-Apr-2026 14:50:00 Asia/Manila] Database connection successful at 2026-04-08 14:50:00
[08-Apr-2026 14:50:01 Asia/Manila] Database connection successful at 2026-04-08 14:50:01
[08-Apr-2026 14:50:01 Asia/Manila] Database connection successful at 2026-04-08 14:50:01
[08-Apr-2026 14:50:02 Asia/Manila] Database connection successful at 2026-04-08 14:50:02
[08-Apr-2026 14:50:02 Asia/Manila] Database connection successful at 2026-04-08 14:50:02
[08-Apr-2026 14:50:02 Asia/Manila] Database connection successful at 2026-04-08 14:50:02
[08-Apr-2026 14:50:02 Asia/Manila] Database connection successful at 2026-04-08 14:50:02
[08-Apr-2026 14:50:02 Asia/Manila] Database connection successful at 2026-04-08 14:50:02
[08-Apr-2026 14:50:02 Asia/Manila] PHP Warning:  Undefined array key "category_ids" in C:\laragon\www\carelink_api\helper\browse_jobs.php on line 101
[08-Apr-2026 14:50:02 Asia/Manila] PHP Deprecated:  json_decode(): Passing null to parameter #1 ($json) of type string is deprecated in C:\laragon\www\carelink_api\helper\browse_jobs.php on line 101
[08-Apr-2026 14:50:09 Asia/Manila] Database connection successful at 2026-04-08 14:50:09
[08-Apr-2026 14:50:16 Asia/Manila] Database connection successful at 2026-04-08 14:50:16
[08-Apr-2026 14:50:16 Asia/Manila] === GET HELPER PROFILE === User ID: 1
[08-Apr-2026 14:50:16 Asia/Manila] Found 4 documents
[08-Apr-2026 14:50:16 Asia/Manila] ✅ Profile retrieved successfully
[08-Apr-2026 14:50:16 Asia/Manila] Database connection successful at 2026-04-08 14:50:16
[08-Apr-2026 14:50:16 Asia/Manila] === GET HELPER PROFILE === User ID: 1
[08-Apr-2026 14:50:16 Asia/Manila] Found 4 documents
[08-Apr-2026 14:50:16 Asia/Manila] ✅ Profile retrieved successfully
[08-Apr-2026 14:50:17 Asia/Manila] Database connection successful at 2026-04-08 14:50:17
[08-Apr-2026 14:50:17 Asia/Manila] === GET HELPER PROFILE === User ID: 1
[08-Apr-2026 14:50:17 Asia/Manila] Found 4 documents
[08-Apr-2026 14:50:17 Asia/Manila] ✅ Profile retrieved successfully
[08-Apr-2026 14:51:25 Asia/Manila] Database connection successful at 2026-04-08 14:51:25
[08-Apr-2026 14:51:27 Asia/Manila] Database connection successful at 2026-04-08 14:51:27
[08-Apr-2026 14:56:19 Asia/Manila] Database connection successful at 2026-04-08 14:56:19
[08-Apr-2026 14:56:20 Asia/Manila] Database connection successful at 2026-04-08 14:56:20
[08-Apr-2026 14:56:21 Asia/Manila] Database connection successful at 2026-04-08 14:56:21
[08-Apr-2026 14:56:22 Asia/Manila] Database connection successful at 2026-04-08 14:56:22
[08-Apr-2026 14:56:22 Asia/Manila] Database connection successful at 2026-04-08 14:56:22
[08-Apr-2026 14:56:22 Asia/Manila] === GET PARENT PROFILE (NORMALIZED) === User ID: 2
[08-Apr-2026 14:56:22 Asia/Manila] ✅ Retrieved profile with 1 children, 1 elderly, and 2 documents
[08-Apr-2026 14:56:22 Asia/Manila] Database connection successful at 2026-04-08 14:56:22
[08-Apr-2026 14:56:22 Asia/Manila] Database connection successful at 2026-04-08 14:56:22
[08-Apr-2026 14:56:22 Asia/Manila] Database connection successful at 2026-04-08 14:56:22
[08-Apr-2026 14:56:22 Asia/Manila] Database connection successful at 2026-04-08 14:56:22
[08-Apr-2026 14:56:22 Asia/Manila] Database connection successful at 2026-04-08 14:56:22
[08-Apr-2026 14:56:22 Asia/Manila] Database connection successful at 2026-04-08 14:56:22
[08-Apr-2026 14:56:22 Asia/Manila] Database connection successful at 2026-04-08 14:56:22
[08-Apr-2026 14:56:22 Asia/Manila] === GET PARENT PROFILE (NORMALIZED) === User ID: 2
[08-Apr-2026 14:56:22 Asia/Manila] Database connection successful at 2026-04-08 14:56:22
[08-Apr-2026 14:56:22 Asia/Manila] Database connection successful at 2026-04-08 14:56:22
[08-Apr-2026 14:56:22 Asia/Manila] ✅ Retrieved profile with 1 children, 1 elderly, and 2 documents
[08-Apr-2026 14:56:23 Asia/Manila] Database connection successful at 2026-04-08 14:56:23
[08-Apr-2026 14:56:23 Asia/Manila] Database connection successful at 2026-04-08 14:56:23
[08-Apr-2026 14:56:23 Asia/Manila] Database connection successful at 2026-04-08 14:56:23
[08-Apr-2026 14:56:23 Asia/Manila] Database connection successful at 2026-04-08 14:56:23
[08-Apr-2026 14:56:23 Asia/Manila] Database connection successful at 2026-04-08 14:56:23
[08-Apr-2026 14:56:23 Asia/Manila] Database connection successful at 2026-04-08 14:56:23
[08-Apr-2026 14:56:31 Asia/Manila] Database connection successful at 2026-04-08 14:56:31
[08-Apr-2026 14:56:32 Asia/Manila] Database connection successful at 2026-04-08 14:56:32
[08-Apr-2026 14:56:32 Asia/Manila] Database connection successful at 2026-04-08 14:56:32
[08-Apr-2026 14:56:32 Asia/Manila] Database connection successful at 2026-04-08 14:56:32
[08-Apr-2026 14:56:33 Asia/Manila] Database connection successful at 2026-04-08 14:56:33
[08-Apr-2026 14:56:33 Asia/Manila] Database connection successful at 2026-04-08 14:56:33
[08-Apr-2026 14:56:33 Asia/Manila] Database connection successful at 2026-04-08 14:56:33
[08-Apr-2026 14:56:33 Asia/Manila] Database connection successful at 2026-04-08 14:56:33
[08-Apr-2026 14:56:33 Asia/Manila] Database connection successful at 2026-04-08 14:56:33
[08-Apr-2026 14:56:33 Asia/Manila] PHP Warning:  Undefined array key "category_ids" in C:\laragon\www\carelink_api\helper\browse_jobs.php on line 101
[08-Apr-2026 14:56:33 Asia/Manila] PHP Deprecated:  json_decode(): Passing null to parameter #1 ($json) of type string is deprecated in C:\laragon\www\carelink_api\helper\browse_jobs.php on line 101
[08-Apr-2026 15:00:51 Asia/Manila] Database connection successful at 2026-04-08 15:00:51
[08-Apr-2026 15:00:52 Asia/Manila] Database connection successful at 2026-04-08 15:00:52
[08-Apr-2026 15:00:54 Asia/Manila] Database connection successful at 2026-04-08 15:00:54
[08-Apr-2026 15:00:54 Asia/Manila] Database connection successful at 2026-04-08 15:00:54
[08-Apr-2026 15:00:54 Asia/Manila] Database connection successful at 2026-04-08 15:00:54
[08-Apr-2026 15:00:54 Asia/Manila] Database connection successful at 2026-04-08 15:00:54
[08-Apr-2026 15:00:54 Asia/Manila] Database connection successful at 2026-04-08 15:00:54
[08-Apr-2026 15:01:08 Asia/Manila] Database connection successful at 2026-04-08 15:01:08
[08-Apr-2026 15:01:46 Asia/Manila] Database connection successful at 2026-04-08 15:01:46
[08-Apr-2026 15:01:47 Asia/Manila] Database connection successful at 2026-04-08 15:01:47
[08-Apr-2026 15:01:47 Asia/Manila] Database connection successful at 2026-04-08 15:01:47
[08-Apr-2026 15:01:47 Asia/Manila] Database connection successful at 2026-04-08 15:01:47
[08-Apr-2026 15:07:16 Asia/Manila] Database connection successful at 2026-04-08 15:07:16
[08-Apr-2026 15:07:16 Asia/Manila] Database connection successful at 2026-04-08 15:07:16
[08-Apr-2026 15:07:16 Asia/Manila] Database connection successful at 2026-04-08 15:07:16
[08-Apr-2026 15:07:16 Asia/Manila] Database connection successful at 2026-04-08 15:07:16
[08-Apr-2026 15:07:16 Asia/Manila] Database connection successful at 2026-04-08 15:07:16
[08-Apr-2026 15:07:16 Asia/Manila] PHP Warning:  Undefined array key "category_ids" in C:\laragon\www\carelink_api\helper\browse_jobs.php on line 101
[08-Apr-2026 15:07:16 Asia/Manila] PHP Deprecated:  json_decode(): Passing null to parameter #1 ($json) of type string is deprecated in C:\laragon\www\carelink_api\helper\browse_jobs.php on line 101
[08-Apr-2026 15:19:53 Asia/Manila] Database connection successful at 2026-04-08 15:19:53
[08-Apr-2026 15:20:01 Asia/Manila] Database connection successful at 2026-04-08 15:20:01
[08-Apr-2026 15:30:37 Asia/Manila] Database connection successful at 2026-04-08 15:30:37
[08-Apr-2026 15:40:44 Asia/Manila] Database connection successful at 2026-04-08 15:40:44
[08-Apr-2026 15:40:44 Asia/Manila] PHP Warning:  Undefined array key "category_ids" in C:\laragon\www\carelink_api\helper\browse_jobs.php on line 99
[08-Apr-2026 15:40:44 Asia/Manila] PHP Deprecated:  json_decode(): Passing null to parameter #1 ($json) of type string is deprecated in C:\laragon\www\carelink_api\helper\browse_jobs.php on line 99
[08-Apr-2026 15:41:05 Asia/Manila] Database connection successful at 2026-04-08 15:41:05
[08-Apr-2026 15:41:05 Asia/Manila] PHP Warning:  Undefined array key "category_ids" in C:\laragon\www\carelink_api\helper\browse_jobs.php on line 99
[08-Apr-2026 15:41:05 Asia/Manila] PHP Deprecated:  json_decode(): Passing null to parameter #1 ($json) of type string is deprecated in C:\laragon\www\carelink_api\helper\browse_jobs.php on line 99
[08-Apr-2026 15:41:14 Asia/Manila] Database connection successful at 2026-04-08 15:41:14
[08-Apr-2026 15:41:14 Asia/Manila] Database connection successful at 2026-04-08 15:41:14
[08-Apr-2026 15:41:14 Asia/Manila] Database connection successful at 2026-04-08 15:41:14
[08-Apr-2026 15:41:14 Asia/Manila] Database connection successful at 2026-04-08 15:41:14
[08-Apr-2026 15:41:16 Asia/Manila] Database connection successful at 2026-04-08 15:41:16
[08-Apr-2026 15:41:16 Asia/Manila] Database connection successful at 2026-04-08 15:41:16
[08-Apr-2026 15:41:16 Asia/Manila] Database connection successful at 2026-04-08 15:41:16
[08-Apr-2026 15:41:16 Asia/Manila] Database connection successful at 2026-04-08 15:41:16
[08-Apr-2026 15:41:16 Asia/Manila] Database connection successful at 2026-04-08 15:41:16
[08-Apr-2026 15:41:16 Asia/Manila] PHP Warning:  Undefined array key "category_ids" in C:\laragon\www\carelink_api\helper\browse_jobs.php on line 99
[08-Apr-2026 15:41:16 Asia/Manila] PHP Deprecated:  json_decode(): Passing null to parameter #1 ($json) of type string is deprecated in C:\laragon\www\carelink_api\helper\browse_jobs.php on line 99
[08-Apr-2026 15:50:35 Asia/Manila] Database connection successful at 2026-04-08 15:50:35
[08-Apr-2026 15:50:35 Asia/Manila] Database connection successful at 2026-04-08 15:50:35
[08-Apr-2026 15:50:35 Asia/Manila] Database connection successful at 2026-04-08 15:50:35
[08-Apr-2026 15:50:35 Asia/Manila] Database connection successful at 2026-04-08 15:50:35
[08-Apr-2026 15:50:39 Asia/Manila] Database connection successful at 2026-04-08 15:50:39
[08-Apr-2026 15:50:41 Asia/Manila] Database connection successful at 2026-04-08 15:50:41
[08-Apr-2026 15:50:41 Asia/Manila] Database connection successful at 2026-04-08 15:50:41
[08-Apr-2026 15:50:41 Asia/Manila] Database connection successful at 2026-04-08 15:50:41
[08-Apr-2026 15:50:41 Asia/Manila] Database connection successful at 2026-04-08 15:50:41
[08-Apr-2026 15:50:41 Asia/Manila] Database connection successful at 2026-04-08 15:50:41
[08-Apr-2026 15:50:41 Asia/Manila] PHP Warning:  Undefined array key "category_ids" in C:\laragon\www\carelink_api\helper\browse_jobs.php on line 105
[08-Apr-2026 15:50:41 Asia/Manila] PHP Deprecated:  json_decode(): Passing null to parameter #1 ($json) of type string is deprecated in C:\laragon\www\carelink_api\helper\browse_jobs.php on line 105
[08-Apr-2026 17:09:26 Asia/Manila] Database connection successful at 2026-04-08 17:09:26
[08-Apr-2026 17:09:42 Asia/Manila] Database connection successful at 2026-04-08 17:09:42
[08-Apr-2026 17:10:24 Asia/Manila] Database connection successful at 2026-04-08 17:10:24
[08-Apr-2026 17:10:59 Asia/Manila] Database connection successful at 2026-04-08 17:10:59
[08-Apr-2026 17:11:01 Asia/Manila] Database connection successful at 2026-04-08 17:11:01
[08-Apr-2026 17:11:01 Asia/Manila] Database connection successful at 2026-04-08 17:11:01
[08-Apr-2026 17:11:01 Asia/Manila] Database connection successful at 2026-04-08 17:11:01
[08-Apr-2026 17:11:06 Asia/Manila] Database connection successful at 2026-04-08 17:11:06
[08-Apr-2026 17:11:06 Asia/Manila] Database connection successful at 2026-04-08 17:11:06
[08-Apr-2026 17:11:06 Asia/Manila] Database connection successful at 2026-04-08 17:11:06
[08-Apr-2026 17:11:06 Asia/Manila] Database connection successful at 2026-04-08 17:11:06
[08-Apr-2026 17:11:06 Asia/Manila] Database connection successful at 2026-04-08 17:11:06
[08-Apr-2026 17:11:06 Asia/Manila] PHP Warning:  Undefined array key "category_ids" in C:\laragon\www\carelink_api\helper\browse_jobs.php on line 105
[08-Apr-2026 17:11:06 Asia/Manila] PHP Deprecated:  json_decode(): Passing null to parameter #1 ($json) of type string is deprecated in C:\laragon\www\carelink_api\helper\browse_jobs.php on line 105
[08-Apr-2026 17:11:06 Asia/Manila] PHP Warning:  Undefined array key "category_ids" in C:\laragon\www\carelink_api\helper\browse_jobs.php on line 105
[08-Apr-2026 17:11:06 Asia/Manila] PHP Deprecated:  json_decode(): Passing null to parameter #1 ($json) of type string is deprecated in C:\laragon\www\carelink_api\helper\browse_jobs.php on line 105
[08-Apr-2026 17:11:09 Asia/Manila] Database connection successful at 2026-04-08 17:11:09
[08-Apr-2026 17:11:09 Asia/Manila] === GET HELPER PROFILE === User ID: 15
[08-Apr-2026 17:11:09 Asia/Manila] Found 0 documents
[08-Apr-2026 17:11:09 Asia/Manila] ✅ Profile retrieved successfully
[08-Apr-2026 17:11:15 Asia/Manila] Database connection successful at 2026-04-08 17:11:15
[08-Apr-2026 17:11:15 Asia/Manila] === GET HELPER PROFILE === User ID: 15
[08-Apr-2026 17:11:15 Asia/Manila] Found 0 documents
[08-Apr-2026 17:11:16 Asia/Manila] ✅ Profile retrieved successfully
[08-Apr-2026 17:11:38 Asia/Manila] Database connection successful at 2026-04-08 17:11:38
[08-Apr-2026 17:11:38 Asia/Manila] === GET HELPER PROFILE === User ID: 15
[08-Apr-2026 17:11:38 Asia/Manila] Found 0 documents
[08-Apr-2026 17:11:38 Asia/Manila] ✅ Profile retrieved successfully
[08-Apr-2026 17:17:09 Asia/Manila] Database connection successful at 2026-04-08 17:17:09
[08-Apr-2026 17:17:09 Asia/Manila] === UPDATE HELPER PROFILE === User ID: 15
[08-Apr-2026 17:17:09 Asia/Manila] Data validated successfully
[08-Apr-2026 17:17:09 Asia/Manila] Skills: 2, Languages: 1, Jobs: 2
[08-Apr-2026 17:17:09 Asia/Manila] ✅ User info updated
[08-Apr-2026 17:17:09 Asia/Manila] ✅ Profile updated: ID 3
[08-Apr-2026 17:17:09 Asia/Manila] ✅ Inserted 2 skills
[08-Apr-2026 17:17:09 Asia/Manila] ✅ Inserted 1 languages
[08-Apr-2026 17:17:09 Asia/Manila] ✅ Inserted 2 jobs
[08-Apr-2026 17:17:09 Asia/Manila] === TRANSACTION COMMITTED ===
[08-Apr-2026 17:17:11 Asia/Manila] Database connection successful at 2026-04-08 17:17:11
[08-Apr-2026 17:17:11 Asia/Manila] === GET HELPER PROFILE === User ID: 15
[08-Apr-2026 17:17:11 Asia/Manila] Found 0 documents
[08-Apr-2026 17:17:11 Asia/Manila] ✅ Profile retrieved successfully
[08-Apr-2026 17:18:18 Asia/Manila] Database connection successful at 2026-04-08 17:18:18
[08-Apr-2026 17:18:18 Asia/Manila] === UPLOAD DOCUMENTS === User ID: 15
[08-Apr-2026 17:18:18 Asia/Manila] ✅ Barangay Clearance uploaded: barangay_15_1775639898.png
[08-Apr-2026 17:18:18 Asia/Manila] ✅ Valid ID uploaded: valid_id_15_1775639898.png (Type: PhilSys)
[08-Apr-2026 17:18:18 Asia/Manila] Inserted new Barangay Clearance
[08-Apr-2026 17:18:18 Asia/Manila] Inserted new Valid ID
[08-Apr-2026 17:18:18 Asia/Manila] === TRANSACTION COMMITTED === Saved 2 documents
[08-Apr-2026 17:18:19 Asia/Manila] Database connection successful at 2026-04-08 17:18:19
[08-Apr-2026 17:18:19 Asia/Manila] === GET HELPER PROFILE === User ID: 15
[08-Apr-2026 17:18:19 Asia/Manila] Found 2 documents
[08-Apr-2026 17:18:19 Asia/Manila] ✅ Profile retrieved successfully
[08-Apr-2026 17:18:50 Asia/Manila] Database connection successful at 2026-04-08 17:18:50
[08-Apr-2026 17:18:52 Asia/Manila] Database connection successful at 2026-04-08 17:18:52
[08-Apr-2026 17:18:52 Asia/Manila] Database connection successful at 2026-04-08 17:18:52
[08-Apr-2026 17:18:56 Asia/Manila] Database connection successful at 2026-04-08 17:18:56
[08-Apr-2026 17:18:56 Asia/Manila] === GET PARENT PROFILE (NORMALIZED) === User ID: 16
[08-Apr-2026 17:18:56 Asia/Manila] Database connection successful at 2026-04-08 17:18:56
[08-Apr-2026 17:18:56 Asia/Manila] ✅ Retrieved profile with 0 children, 0 elderly, and 0 documents
[08-Apr-2026 17:18:56 Asia/Manila] Database connection successful at 2026-04-08 17:18:56
[08-Apr-2026 17:18:56 Asia/Manila] Database connection successful at 2026-04-08 17:18:56
[08-Apr-2026 17:18:56 Asia/Manila] Database connection successful at 2026-04-08 17:18:56
[08-Apr-2026 17:18:56 Asia/Manila] Database connection successful at 2026-04-08 17:18:56
[08-Apr-2026 17:18:56 Asia/Manila] Database connection successful at 2026-04-08 17:18:56
[08-Apr-2026 17:18:56 Asia/Manila] === GET PARENT PROFILE (NORMALIZED) === User ID: 16
[08-Apr-2026 17:18:56 Asia/Manila] Database connection successful at 2026-04-08 17:18:56
[08-Apr-2026 17:18:56 Asia/Manila] ✅ Retrieved profile with 0 children, 0 elderly, and 0 documents
[08-Apr-2026 17:18:56 Asia/Manila] Database connection successful at 2026-04-08 17:18:56
[08-Apr-2026 17:18:56 Asia/Manila] Database connection successful at 2026-04-08 17:18:56
[08-Apr-2026 17:18:56 Asia/Manila] Database connection successful at 2026-04-08 17:18:56
[08-Apr-2026 17:19:02 Asia/Manila] Database connection successful at 2026-04-08 17:19:02
[08-Apr-2026 17:19:02 Asia/Manila] === GET PARENT PROFILE (NORMALIZED) === User ID: 16
[08-Apr-2026 17:19:02 Asia/Manila] ✅ Retrieved profile with 0 children, 0 elderly, and 0 documents
[08-Apr-2026 17:19:05 Asia/Manila] Database connection successful at 2026-04-08 17:19:05
[08-Apr-2026 17:19:05 Asia/Manila] === GET PARENT PROFILE (NORMALIZED) === User ID: 16
[08-Apr-2026 17:19:05 Asia/Manila] ✅ Retrieved profile with 0 children, 0 elderly, and 0 documents
[08-Apr-2026 17:21:05 Asia/Manila] Database connection successful at 2026-04-08 17:21:05
[08-Apr-2026 17:21:07 Asia/Manila] Database connection successful at 2026-04-08 17:21:07
[08-Apr-2026 17:21:07 Asia/Manila] === GET PARENT PROFILE (NORMALIZED) === User ID: 16
[08-Apr-2026 17:21:07 Asia/Manila] ✅ Retrieved profile with 1 children, 1 elderly, and 0 documents
[08-Apr-2026 17:21:12 Asia/Manila] Database connection successful at 2026-04-08 17:21:12
[08-Apr-2026 17:21:12 Asia/Manila] === GET PARENT DOCUMENTS === User ID: 16
[08-Apr-2026 17:21:12 Asia/Manila] ✅ Retrieved 0 documents.
[08-Apr-2026 17:21:27 Asia/Manila] Database connection successful at 2026-04-08 17:21:27
[08-Apr-2026 17:21:27 Asia/Manila] === PARENT DOCUMENT UPLOAD === User ID: 16
[08-Apr-2026 17:21:27 Asia/Manila] ✅ Successfully uploaded 2 documents for User 16
[08-Apr-2026 17:21:28 Asia/Manila] Database connection successful at 2026-04-08 17:21:28
[08-Apr-2026 17:21:28 Asia/Manila] === GET PARENT PROFILE (NORMALIZED) === User ID: 16
[08-Apr-2026 17:21:28 Asia/Manila] ✅ Retrieved profile with 1 children, 1 elderly, and 2 documents
[08-Apr-2026 17:22:22 Asia/Manila] Database connection successful at 2026-04-08 17:22:22
[08-Apr-2026 17:22:23 Asia/Manila] Database connection successful at 2026-04-08 17:22:23
[08-Apr-2026 17:22:25 Asia/Manila] Database connection successful at 2026-04-08 17:22:25
[08-Apr-2026 17:22:25 Asia/Manila] Found 6 users
[08-Apr-2026 17:22:30 Asia/Manila] Database connection successful at 2026-04-08 17:22:30
[08-Apr-2026 17:22:30 Asia/Manila] === GET USER DETAILS === User ID: 16, Type: parent
[08-Apr-2026 17:22:30 Asia/Manila] Found 2 documents for user 16
[08-Apr-2026 17:24:16 Asia/Manila] Database connection successful at 2026-04-08 17:24:16
[08-Apr-2026 17:24:16 Asia/Manila] === VERIFY DOCUMENT === Document ID: 14, Action: reject
[08-Apr-2026 17:24:16 Asia/Manila] Database connection successful at 2026-04-08 17:24:16
[08-Apr-2026 17:24:16 Asia/Manila] === GET USER DETAILS === User ID: 16, Type: parent
[08-Apr-2026 17:24:16 Asia/Manila] Found 2 documents for user 16
[08-Apr-2026 17:24:30 Asia/Manila] Database connection successful at 2026-04-08 17:24:30
[08-Apr-2026 17:24:30 Asia/Manila] === VERIFY USER === User ID: 16, Action: approve
[08-Apr-2026 17:24:30 Asia/Manila] User type: parent, Current status: pending
[08-Apr-2026 17:24:30 Asia/Manila] ✓ Updated users.status from 'pending' to 'approved'
[08-Apr-2026 17:24:30 Asia/Manila] ✓ Updated verification_status to 'Verified'
[08-Apr-2026 17:24:30 Asia/Manila] ✓ Transaction committed successfully
[08-Apr-2026 17:24:38 Asia/Manila] Database connection successful at 2026-04-08 17:24:38
[08-Apr-2026 17:24:38 Asia/Manila] Found 6 users
[08-Apr-2026 17:24:59 Asia/Manila] Database connection successful at 2026-04-08 17:24:59
[08-Apr-2026 17:24:59 Asia/Manila] === GET USER DETAILS === User ID: 15, Type: helper
[08-Apr-2026 17:24:59 Asia/Manila] Found 2 documents for user 15
[08-Apr-2026 17:25:18 Asia/Manila] Database connection successful at 2026-04-08 17:25:18
[08-Apr-2026 17:25:18 Asia/Manila] Found 6 users
[08-Apr-2026 17:25:30 Asia/Manila] Database connection successful at 2026-04-08 17:25:30
[08-Apr-2026 17:25:30 Asia/Manila] === GET USER DETAILS === User ID: 15, Type: helper
[08-Apr-2026 17:25:30 Asia/Manila] Found 2 documents for user 15
[08-Apr-2026 17:25:32 Asia/Manila] Database connection successful at 2026-04-08 17:25:32
[08-Apr-2026 17:25:32 Asia/Manila] Found 6 users
[08-Apr-2026 17:25:35 Asia/Manila] Database connection successful at 2026-04-08 17:25:35
[08-Apr-2026 17:25:35 Asia/Manila] === GET USER DETAILS === User ID: 15, Type: helper
[08-Apr-2026 17:25:35 Asia/Manila] Found 2 documents for user 15
[08-Apr-2026 17:25:39 Asia/Manila] Database connection successful at 2026-04-08 17:25:39
[08-Apr-2026 17:25:39 Asia/Manila] === VERIFY DOCUMENT === Document ID: 11, Action: approve
[08-Apr-2026 17:25:39 Asia/Manila] Database connection successful at 2026-04-08 17:25:39
[08-Apr-2026 17:25:39 Asia/Manila] === GET USER DETAILS === User ID: 15, Type: helper
[08-Apr-2026 17:25:39 Asia/Manila] Found 2 documents for user 15
[08-Apr-2026 17:25:43 Asia/Manila] Database connection successful at 2026-04-08 17:25:43
[08-Apr-2026 17:25:43 Asia/Manila] === VERIFY DOCUMENT === Document ID: 12, Action: approve
[08-Apr-2026 17:25:43 Asia/Manila] Database connection successful at 2026-04-08 17:25:43
[08-Apr-2026 17:25:43 Asia/Manila] === GET USER DETAILS === User ID: 15, Type: helper
[08-Apr-2026 17:25:43 Asia/Manila] Found 2 documents for user 15
[08-Apr-2026 17:25:55 Asia/Manila] Database connection successful at 2026-04-08 17:25:55
[08-Apr-2026 17:25:55 Asia/Manila] Found 6 users
[08-Apr-2026 17:25:58 Asia/Manila] Database connection successful at 2026-04-08 17:25:58
[08-Apr-2026 17:25:58 Asia/Manila] === GET USER DETAILS === User ID: 14, Type: helper
[08-Apr-2026 17:25:58 Asia/Manila] Found 0 documents for user 14
[08-Apr-2026 17:26:01 Asia/Manila] Database connection successful at 2026-04-08 17:26:01
[08-Apr-2026 17:26:01 Asia/Manila] Found 6 users
[08-Apr-2026 17:26:10 Asia/Manila] Database connection successful at 2026-04-08 17:26:10
[08-Apr-2026 17:26:13 Asia/Manila] Database connection successful at 2026-04-08 17:26:13
[08-Apr-2026 17:26:13 Asia/Manila] Found 6 users
[08-Apr-2026 17:26:47 Asia/Manila] Database connection successful at 2026-04-08 17:26:47
[08-Apr-2026 17:26:49 Asia/Manila] Database connection successful at 2026-04-08 17:26:49
[08-Apr-2026 17:26:49 Asia/Manila] Database connection successful at 2026-04-08 17:26:49
[08-Apr-2026 17:27:11 Asia/Manila] Database connection successful at 2026-04-08 17:27:11
[08-Apr-2026 17:27:11 Asia/Manila] Database connection successful at 2026-04-08 17:27:11
[08-Apr-2026 17:27:11 Asia/Manila] === GET PARENT PROFILE (NORMALIZED) === User ID: 16
[08-Apr-2026 17:27:11 Asia/Manila] ✅ Retrieved profile with 1 children, 1 elderly, and 2 documents
[08-Apr-2026 17:27:11 Asia/Manila] Database connection successful at 2026-04-08 17:27:11
[08-Apr-2026 17:27:11 Asia/Manila] Database connection successful at 2026-04-08 17:27:11
[08-Apr-2026 17:27:11 Asia/Manila] Database connection successful at 2026-04-08 17:27:11
[08-Apr-2026 17:27:11 Asia/Manila] Database connection successful at 2026-04-08 17:27:11
[08-Apr-2026 17:27:11 Asia/Manila] Database connection successful at 2026-04-08 17:27:11
[08-Apr-2026 17:27:11 Asia/Manila] === GET PARENT PROFILE (NORMALIZED) === User ID: 16
[08-Apr-2026 17:27:11 Asia/Manila] Database connection successful at 2026-04-08 17:27:11
[08-Apr-2026 17:27:11 Asia/Manila] ✅ Retrieved profile with 1 children, 1 elderly, and 2 documents
[08-Apr-2026 17:27:11 Asia/Manila] Database connection successful at 2026-04-08 17:27:11
[08-Apr-2026 17:27:11 Asia/Manila] Database connection successful at 2026-04-08 17:27:11
[08-Apr-2026 17:27:11 Asia/Manila] Database connection successful at 2026-04-08 17:27:11
[08-Apr-2026 17:27:56 Asia/Manila] Database connection successful at 2026-04-08 17:27:56
[08-Apr-2026 17:27:56 Asia/Manila] === GET PARENT PROFILE (NORMALIZED) === User ID: 16
[08-Apr-2026 17:27:56 Asia/Manila] ✅ Retrieved profile with 1 children, 1 elderly, and 2 documents
[08-Apr-2026 17:30:26 Asia/Manila] Database connection successful at 2026-04-08 17:30:26
[08-Apr-2026 17:30:28 Asia/Manila] Database connection successful at 2026-04-08 17:30:28
[08-Apr-2026 17:30:28 Asia/Manila] Database connection successful at 2026-04-08 17:30:28
[08-Apr-2026 17:30:28 Asia/Manila] Database connection successful at 2026-04-08 17:30:28
[08-Apr-2026 17:30:28 Asia/Manila] Database connection successful at 2026-04-08 17:30:28
[08-Apr-2026 17:30:28 Asia/Manila] Database connection successful at 2026-04-08 17:30:28
[08-Apr-2026 17:30:28 Asia/Manila] Database connection successful at 2026-04-08 17:30:28
[08-Apr-2026 17:30:28 Asia/Manila] Database connection successful at 2026-04-08 17:30:28
[08-Apr-2026 17:30:28 Asia/Manila] Database connection successful at 2026-04-08 17:30:28
[08-Apr-2026 17:30:28 Asia/Manila] === GET PARENT PROFILE (NORMALIZED) === User ID: 16
[08-Apr-2026 17:30:28 Asia/Manila] Database connection successful at 2026-04-08 17:30:28
[08-Apr-2026 17:30:28 Asia/Manila] Database connection successful at 2026-04-08 17:30:28
[08-Apr-2026 17:30:28 Asia/Manila] ✅ Retrieved profile with 1 children, 1 elderly, and 2 documents
[08-Apr-2026 17:31:00 Asia/Manila] Database connection successful at 2026-04-08 17:31:00
[08-Apr-2026 17:31:00 Asia/Manila] Database connection successful at 2026-04-08 17:31:00
[08-Apr-2026 17:31:00 Asia/Manila] Database connection successful at 2026-04-08 17:31:00
[08-Apr-2026 17:31:00 Asia/Manila] Database connection successful at 2026-04-08 17:31:00
[08-Apr-2026 17:31:00 Asia/Manila] Database connection successful at 2026-04-08 17:31:00
[08-Apr-2026 17:31:00 Asia/Manila] Database connection successful at 2026-04-08 17:31:00
[08-Apr-2026 17:31:04 Asia/Manila] Database connection successful at 2026-04-08 17:31:04
[08-Apr-2026 17:31:04 Asia/Manila] Database connection successful at 2026-04-08 17:31:04
[08-Apr-2026 17:31:04 Asia/Manila] === GET PARENT PROFILE (NORMALIZED) === User ID: 16
[08-Apr-2026 17:31:04 Asia/Manila] ✅ Retrieved profile with 1 children, 1 elderly, and 2 documents
[08-Apr-2026 17:31:04 Asia/Manila] Database connection successful at 2026-04-08 17:31:04
[08-Apr-2026 17:31:04 Asia/Manila] Database connection successful at 2026-04-08 17:31:04
[08-Apr-2026 17:31:04 Asia/Manila] Database connection successful at 2026-04-08 17:31:04
[08-Apr-2026 17:31:04 Asia/Manila] Database connection successful at 2026-04-08 17:31:04
[08-Apr-2026 17:31:04 Asia/Manila] === GET PARENT PROFILE (NORMALIZED) === User ID: 16
[08-Apr-2026 17:31:04 Asia/Manila] ✅ Retrieved profile with 1 children, 1 elderly, and 2 documents
[08-Apr-2026 17:31:04 Asia/Manila] Database connection successful at 2026-04-08 17:31:04
[08-Apr-2026 17:31:04 Asia/Manila] Database connection successful at 2026-04-08 17:31:04
[08-Apr-2026 17:31:04 Asia/Manila] Database connection successful at 2026-04-08 17:31:04
[08-Apr-2026 17:31:04 Asia/Manila] Database connection successful at 2026-04-08 17:31:04
[08-Apr-2026 17:31:04 Asia/Manila] Database connection successful at 2026-04-08 17:31:04
[08-Apr-2026 17:31:09 Asia/Manila] Database connection successful at 2026-04-08 17:31:09
[08-Apr-2026 17:31:09 Asia/Manila] Database connection successful at 2026-04-08 17:31:09
[08-Apr-2026 17:31:09 Asia/Manila] Database connection successful at 2026-04-08 17:31:09
[08-Apr-2026 17:31:09 Asia/Manila] Database connection successful at 2026-04-08 17:31:09
[08-Apr-2026 17:31:09 Asia/Manila] Database connection successful at 2026-04-08 17:31:09
[08-Apr-2026 17:31:09 Asia/Manila] Database connection successful at 2026-04-08 17:31:09
[08-Apr-2026 17:31:47 Asia/Manila] Database connection successful at 2026-04-08 17:31:47
[08-Apr-2026 17:31:48 Asia/Manila] Database connection successful at 2026-04-08 17:31:48
[08-Apr-2026 17:31:48 Asia/Manila] Database connection successful at 2026-04-08 17:31:48
[08-Apr-2026 17:31:48 Asia/Manila] Database connection successful at 2026-04-08 17:31:48
[08-Apr-2026 17:31:50 Asia/Manila] Database connection successful at 2026-04-08 17:31:50
[08-Apr-2026 17:31:50 Asia/Manila] Database connection successful at 2026-04-08 17:31:50
[08-Apr-2026 17:31:50 Asia/Manila] Database connection successful at 2026-04-08 17:31:50
[08-Apr-2026 17:31:50 Asia/Manila] Database connection successful at 2026-04-08 17:31:50
[08-Apr-2026 17:31:50 Asia/Manila] Database connection successful at 2026-04-08 17:31:50
[08-Apr-2026 17:31:50 Asia/Manila] PHP Warning:  Undefined array key "category_ids" in C:\laragon\www\carelink_api\helper\browse_jobs.php on line 105
[08-Apr-2026 17:31:50 Asia/Manila] PHP Deprecated:  json_decode(): Passing null to parameter #1 ($json) of type string is deprecated in C:\laragon\www\carelink_api\helper\browse_jobs.php on line 105
[08-Apr-2026 17:32:12 Asia/Manila] Database connection successful at 2026-04-08 17:32:12
[08-Apr-2026 17:32:12 Asia/Manila] Database connection successful at 2026-04-08 17:32:12
[08-Apr-2026 17:32:13 Asia/Manila] Database connection successful at 2026-04-08 17:32:13
[08-Apr-2026 17:32:13 Asia/Manila] Database connection successful at 2026-04-08 17:32:13
[08-Apr-2026 17:32:13 Asia/Manila] Database connection successful at 2026-04-08 17:32:13
[08-Apr-2026 17:32:13 Asia/Manila] Database connection successful at 2026-04-08 17:32:13
[08-Apr-2026 17:32:13 Asia/Manila] Database connection successful at 2026-04-08 17:32:13
[08-Apr-2026 17:32:13 Asia/Manila] PHP Warning:  Undefined array key "category_ids" in C:\laragon\www\carelink_api\helper\browse_jobs.php on line 105
[08-Apr-2026 17:32:13 Asia/Manila] PHP Deprecated:  json_decode(): Passing null to parameter #1 ($json) of type string is deprecated in C:\laragon\www\carelink_api\helper\browse_jobs.php on line 105
[08-Apr-2026 17:32:44 Asia/Manila] Database connection successful at 2026-04-08 17:32:44
[08-Apr-2026 17:32:44 Asia/Manila] Database connection successful at 2026-04-08 17:32:44
[08-Apr-2026 17:32:44 Asia/Manila] Database connection successful at 2026-04-08 17:32:44
[08-Apr-2026 17:32:44 Asia/Manila] Database connection successful at 2026-04-08 17:32:44
[08-Apr-2026 17:32:44 Asia/Manila] Database connection successful at 2026-04-08 17:32:44
[08-Apr-2026 17:32:44 Asia/Manila] PHP Warning:  Undefined array key "category_ids" in C:\laragon\www\carelink_api\helper\browse_jobs.php on line 105
[08-Apr-2026 17:32:44 Asia/Manila] PHP Deprecated:  json_decode(): Passing null to parameter #1 ($json) of type string is deprecated in C:\laragon\www\carelink_api\helper\browse_jobs.php on line 105
[08-Apr-2026 17:33:04 Asia/Manila] Database connection successful at 2026-04-08 17:33:04
[08-Apr-2026 17:33:04 Asia/Manila] Database connection successful at 2026-04-08 17:33:04
[08-Apr-2026 17:33:04 Asia/Manila] Database connection successful at 2026-04-08 17:33:04
[08-Apr-2026 17:33:04 Asia/Manila] Database connection successful at 2026-04-08 17:33:04
[08-Apr-2026 17:33:06 Asia/Manila] Database connection successful at 2026-04-08 17:33:06
[08-Apr-2026 17:33:06 Asia/Manila] Database connection successful at 2026-04-08 17:33:06
[08-Apr-2026 17:33:06 Asia/Manila] Database connection successful at 2026-04-08 17:33:06
[08-Apr-2026 17:33:06 Asia/Manila] Database connection successful at 2026-04-08 17:33:06
[08-Apr-2026 17:33:06 Asia/Manila] Database connection successful at 2026-04-08 17:33:06
[08-Apr-2026 17:33:06 Asia/Manila] PHP Warning:  Undefined array key "category_ids" in C:\laragon\www\carelink_api\helper\browse_jobs.php on line 105
[08-Apr-2026 17:33:06 Asia/Manila] PHP Deprecated:  json_decode(): Passing null to parameter #1 ($json) of type string is deprecated in C:\laragon\www\carelink_api\helper\browse_jobs.php on line 105
[08-Apr-2026 17:34:49 Asia/Manila] Database connection successful at 2026-04-08 17:34:49
[08-Apr-2026 17:35:17 Asia/Manila] Database connection successful at 2026-04-08 17:35:17
[08-Apr-2026 17:35:18 Asia/Manila] Database connection successful at 2026-04-08 17:35:18
[08-Apr-2026 17:35:19 Asia/Manila] Database connection successful at 2026-04-08 17:35:19
[08-Apr-2026 17:35:20 Asia/Manila] Database connection successful at 2026-04-08 17:35:20
[08-Apr-2026 17:35:20 Asia/Manila] Database connection successful at 2026-04-08 17:35:20
[08-Apr-2026 17:35:24 Asia/Manila] Database connection successful at 2026-04-08 17:35:24
[08-Apr-2026 17:35:24 Asia/Manila] PHP Warning:  Undefined array key "phone" in C:\laragon\www\carelink_api\parent\get_job_applications.php on line 122
[08-Apr-2026 17:36:08 Asia/Manila] Database connection successful at 2026-04-08 17:36:08
[08-Apr-2026 17:36:19 Asia/Manila] Database connection successful at 2026-04-08 17:36:19
[08-Apr-2026 17:36:20 Asia/Manila] Database connection successful at 2026-04-08 17:36:20
[08-Apr-2026 17:36:20 Asia/Manila] Database connection successful at 2026-04-08 17:36:20
[08-Apr-2026 17:36:20 Asia/Manila] Database connection successful at 2026-04-08 17:36:20
[08-Apr-2026 17:36:20 Asia/Manila] Database connection successful at 2026-04-08 17:36:20
[08-Apr-2026 17:36:20 Asia/Manila] Database connection successful at 2026-04-08 17:36:20
[08-Apr-2026 17:36:20 Asia/Manila] Database connection successful at 2026-04-08 17:36:20
[08-Apr-2026 17:36:22 Asia/Manila] Database connection successful at 2026-04-08 17:36:22
